[2025-08-25 18:26:47] [INFO] 时间检查 - 当前时间: 18:26:47, 上次计算时间: 18:26:17, 间隔: 0.5分钟
[2025-08-25 18:26:47] [INFO] 距离上次计算仅0.5分钟，未达到30分钟阈值，跳过重新调度
[2025-08-25 18:26:47] [INFO] 开始计算，进程数: 10, 股票数: 5412
[2025-08-25 18:26:47] [INFO] 初始内存使用: 564.61 MB
[2025-08-25 18:26:47] [INFO] 创建新的进程池，max_workers=10
[2025-08-25 18:26:50] [INFO] 计算完成，总耗时: 3.8702秒
[2025-08-25 18:27:25] [INFO] 时间检查 - 当前时间: 18:27:25, 上次计算时间: 18:26:17, 间隔: 1.1分钟
[2025-08-25 18:27:25] [INFO] 距离上次计算仅1.1分钟，未达到30分钟阈值，跳过重新调度
[2025-08-25 18:27:25] [INFO] 开始计算，进程数: 10, 股票数: 5412
[2025-08-25 18:27:25] [INFO] 初始内存使用: 586.81 MB
[2025-08-25 18:27:25] [INFO] 创建新的进程池，max_workers=10
[2025-08-25 18:27:29] [INFO] 计算完成，总耗时: 3.9379秒
[2025-08-25 18:27:33] [INFO] 时间检查 - 当前时间: 18:27:33, 上次计算时间: 18:26:17, 间隔: 1.3分钟
[2025-08-25 18:27:33] [INFO] 距离上次计算仅1.3分钟，未达到30分钟阈值，跳过重新调度
[2025-08-25 18:27:33] [INFO] 开始计算，进程数: 10, 股票数: 5412
[2025-08-25 18:27:33] [INFO] 初始内存使用: 589.51 MB
[2025-08-25 18:27:33] [INFO] 创建新的进程池，max_workers=10
[2025-08-25 18:27:37] [INFO] 计算完成，总耗时: 3.9232秒
[2025-08-25 18:27:40] [INFO] 时间检查 - 当前时间: 18:27:40, 上次计算时间: 18:26:17, 间隔: 1.4分钟
[2025-08-25 18:27:40] [INFO] 距离上次计算仅1.4分钟，未达到30分钟阈值，跳过重新调度
[2025-08-25 18:27:40] [INFO] 开始计算，进程数: 10, 股票数: 5412
[2025-08-25 18:27:40] [INFO] 初始内存使用: 589.47 MB
[2025-08-25 18:27:40] [INFO] 创建新的进程池，max_workers=10
[2025-08-25 18:27:44] [INFO] 计算完成，总耗时: 3.9508秒
[2025-08-25 18:27:47] [INFO] 时间检查 - 当前时间: 18:27:47, 上次计算时间: 18:26:17, 间隔: 1.5分钟
[2025-08-25 18:27:47] [INFO] 距离上次计算仅1.5分钟，未达到30分钟阈值，跳过重新调度
[2025-08-25 18:27:47] [INFO] 开始计算，进程数: 10, 股票数: 5412
[2025-08-25 18:27:47] [INFO] 初始内存使用: 591.63 MB
[2025-08-25 18:27:47] [INFO] 创建新的进程池，max_workers=10
[2025-08-25 18:27:51] [INFO] 计算完成，总耗时: 4.0491秒
[2025-08-25 18:27:54] [INFO] 时间检查 - 当前时间: 18:27:54, 上次计算时间: 18:26:17, 间隔: 1.6分钟
[2025-08-25 18:27:54] [INFO] 距离上次计算仅1.6分钟，未达到30分钟阈值，跳过重新调度
[2025-08-25 18:27:54] [INFO] 开始计算，进程数: 10, 股票数: 5412
[2025-08-25 18:27:54] [INFO] 初始内存使用: 594.78 MB
[2025-08-25 18:27:54] [INFO] 创建新的进程池，max_workers=10
[2025-08-25 18:27:59] [INFO] 计算完成，总耗时: 4.2008秒
[2025-08-25 18:28:02] [INFO] 时间检查 - 当前时间: 18:28:02, 上次计算时间: 18:26:17, 间隔: 1.7分钟
[2025-08-25 18:28:02] [INFO] 距离上次计算仅1.7分钟，未达到30分钟阈值，跳过重新调度
[2025-08-25 18:28:02] [INFO] 开始计算，进程数: 10, 股票数: 5412
[2025-08-25 18:28:02] [INFO] 初始内存使用: 600.25 MB
[2025-08-25 18:28:02] [INFO] 创建新的进程池，max_workers=10
[2025-08-25 18:28:06] [INFO] 计算完成，总耗时: 4.2508秒
[2025-08-25 19:28:02] [INFO] 时间检查 - 当前时间: 19:28:02, 上次计算时间: 19:26:13, 间隔: 1.8分钟
[2025-08-25 19:28:02] [INFO] 距离上次计算仅1.8分钟，未达到30分钟阈值，跳过重新调度
[2025-08-25 19:28:02] [INFO] 开始计算，进程数: 10, 股票数: 5427
[2025-08-25 19:28:02] [INFO] 初始内存使用: 901.35 MB
[2025-08-25 19:28:02] [INFO] 创建新的进程池，max_workers=10
[2025-08-25 19:28:38] [INFO] 计算完成，总耗时: 35.5670秒
[2025-08-25 20:25:18] [INFO] 时间检查 - 当前时间: 20:25:18, 上次计算时间: 20:23:24, 间隔: 1.9分钟
[2025-08-25 20:25:18] [INFO] 距离上次计算仅1.9分钟，未达到30分钟阈值，跳过重新调度
[2025-08-25 20:25:18] [INFO] 开始计算，进程数: 12, 股票数: 5412
[2025-08-25 20:25:18] [INFO] 初始内存使用: 928.84 MB
[2025-08-25 20:25:18] [INFO] 创建新的进程池，max_workers=12
[2025-08-25 20:25:50] [INFO] 计算完成，总耗时: 32.0722秒
[2025-08-25 20:26:02] [INFO] 时间检查 - 当前时间: 20:26:02, 上次计算时间: 20:23:24, 间隔: 2.6分钟
[2025-08-25 20:26:02] [INFO] 距离上次计算仅2.6分钟，未达到30分钟阈值，跳过重新调度
[2025-08-25 20:26:02] [INFO] 开始计算，进程数: 12, 股票数: 5412
[2025-08-25 20:26:02] [INFO] 初始内存使用: 930.10 MB
[2025-08-25 20:26:02] [INFO] 创建新的进程池，max_workers=12
[2025-08-25 20:26:35] [INFO] 计算完成，总耗时: 33.1402秒
[2025-08-25 21:24:24] [INFO] 时间检查 - 当前时间: 21:24:24, 上次计算时间: 21:23:38, 间隔: 0.8分钟
[2025-08-25 21:24:24] [INFO] 距离上次计算仅0.8分钟，未达到30分钟阈值，跳过重新调度
[2025-08-25 21:24:24] [INFO] 开始计算，进程数: 12, 股票数: 5412
[2025-08-25 21:24:24] [INFO] 初始内存使用: 550.43 MB
[2025-08-25 21:24:24] [INFO] 创建新的进程池，max_workers=12
[2025-08-25 21:24:55] [INFO] 计算完成，总耗时: 31.2726秒
[2025-08-25 21:25:08] [INFO] 时间检查 - 当前时间: 21:25:08, 上次计算时间: 21:23:38, 间隔: 1.5分钟
[2025-08-25 21:25:08] [INFO] 距离上次计算仅1.5分钟，未达到30分钟阈值，跳过重新调度
[2025-08-25 21:25:08] [INFO] 开始计算，进程数: 12, 股票数: 5412
[2025-08-25 21:25:08] [INFO] 初始内存使用: 624.19 MB
[2025-08-25 21:25:08] [INFO] 创建新的进程池，max_workers=12
[2025-08-25 21:25:39] [INFO] 计算完成，总耗时: 31.2952秒
[2025-08-25 21:30:04] [INFO] 时间检查 - 当前时间: 21:30:04, 上次计算时间: 21:29:44, 间隔: 0.3分钟
[2025-08-25 21:30:04] [INFO] 距离上次计算仅0.3分钟，未达到30分钟阈值，跳过重新调度
[2025-08-25 21:30:04] [INFO] 开始计算，进程数: 12, 股票数: 5412
[2025-08-25 21:30:04] [INFO] 初始内存使用: 537.90 MB
[2025-08-25 21:30:04] [INFO] 创建新的进程池，max_workers=12
[2025-08-25 21:30:35] [INFO] 计算完成，总耗时: 31.5408秒
[2025-08-25 21:30:53] [INFO] 时间检查 - 当前时间: 21:30:53, 上次计算时间: 21:29:44, 间隔: 1.2分钟
[2025-08-25 21:30:53] [INFO] 距离上次计算仅1.2分钟，未达到30分钟阈值，跳过重新调度
[2025-08-25 21:30:53] [INFO] 开始计算，进程数: 12, 股票数: 5412
[2025-08-25 21:30:53] [INFO] 初始内存使用: 608.65 MB
[2025-08-25 21:30:53] [INFO] 创建新的进程池，max_workers=12
[2025-08-25 21:31:25] [INFO] 计算完成，总耗时: 31.3886秒
[2025-08-25 21:32:55] [INFO] 时间检查 - 当前时间: 21:32:55, 上次计算时间: 21:31:48, 间隔: 1.1分钟
[2025-08-25 21:32:55] [INFO] 距离上次计算仅1.1分钟，未达到30分钟阈值，跳过重新调度
[2025-08-25 21:32:55] [INFO] 开始计算，进程数: 12, 股票数: 5412
[2025-08-25 21:32:55] [INFO] 初始内存使用: 543.27 MB
[2025-08-25 21:32:55] [INFO] 创建新的进程池，max_workers=12
[2025-08-25 21:33:26] [INFO] 计算完成，总耗时: 31.0693秒
[2025-08-25 21:33:39] [INFO] 时间检查 - 当前时间: 21:33:39, 上次计算时间: 21:31:48, 间隔: 1.8分钟
[2025-08-25 21:33:39] [INFO] 距离上次计算仅1.8分钟，未达到30分钟阈值，跳过重新调度
[2025-08-25 21:33:39] [INFO] 开始计算，进程数: 12, 股票数: 5412
[2025-08-25 21:33:39] [INFO] 初始内存使用: 613.79 MB
[2025-08-25 21:33:39] [INFO] 创建新的进程池，max_workers=12
[2025-08-25 21:34:10] [INFO] 计算完成，总耗时: 31.1967秒
[2025-08-25 21:34:22] [INFO] 时间检查 - 当前时间: 21:34:22, 上次计算时间: 21:31:48, 间隔: 2.6分钟
[2025-08-25 21:34:22] [INFO] 距离上次计算仅2.6分钟，未达到30分钟阈值，跳过重新调度
[2025-08-25 21:34:22] [INFO] 开始计算，进程数: 12, 股票数: 5412
[2025-08-25 21:34:22] [INFO] 初始内存使用: 631.93 MB
[2025-08-25 21:34:22] [INFO] 创建新的进程池，max_workers=12
[2025-08-25 21:34:51] [INFO] 计算完成，总耗时: 29.2212秒
[2025-08-26 18:35:15] [INFO] 时间检查 - 当前时间: 18:35:15, 上次计算时间: 18:34:31, 间隔: 0.7分钟
[2025-08-26 18:35:15] [INFO] 距离上次计算仅0.7分钟，未达到30分钟阈值，跳过重新调度
[2025-08-26 18:35:15] [INFO] 开始计算，进程数: 12, 股票数: 5412
[2025-08-26 18:35:15] [INFO] 初始内存使用: 542.05 MB
[2025-08-26 18:35:16] [INFO] 创建新的进程池，max_workers=12
[2025-08-26 18:35:37] [INFO] 计算完成，总耗时: 21.2408秒
[2025-08-26 18:35:47] [INFO] 时间检查 - 当前时间: 18:35:47, 上次计算时间: 18:34:31, 间隔: 1.3分钟
[2025-08-26 18:35:47] [INFO] 距离上次计算仅1.3分钟，未达到30分钟阈值，跳过重新调度
[2025-08-26 18:35:47] [INFO] 开始计算，进程数: 12, 股票数: 5412
[2025-08-26 18:35:47] [INFO] 初始内存使用: 630.82 MB
[2025-08-26 18:35:47] [INFO] 创建新的进程池，max_workers=12
[2025-08-26 18:36:07] [INFO] 计算完成，总耗时: 19.5068秒
[2025-08-26 18:36:10] [INFO] 时间检查 - 当前时间: 18:36:10, 上次计算时间: 18:34:31, 间隔: 1.7分钟
[2025-08-26 18:36:10] [INFO] 距离上次计算仅1.7分钟，未达到30分钟阈值，跳过重新调度
[2025-08-26 18:36:10] [INFO] 开始计算，进程数: 12, 股票数: 5412
[2025-08-26 18:36:10] [INFO] 初始内存使用: 645.08 MB
[2025-08-26 18:36:10] [INFO] 创建新的进程池，max_workers=12
[2025-08-26 18:36:31] [INFO] 计算完成，总耗时: 20.9819秒
[2025-08-26 18:36:36] [INFO] 时间检查 - 当前时间: 18:36:36, 上次计算时间: 18:34:31, 间隔: 2.1分钟
[2025-08-26 18:36:36] [INFO] 距离上次计算仅2.1分钟，未达到30分钟阈值，跳过重新调度
[2025-08-26 18:36:36] [INFO] 开始计算，进程数: 12, 股票数: 5412
[2025-08-26 18:36:36] [INFO] 初始内存使用: 676.62 MB
[2025-08-26 18:36:36] [INFO] 创建新的进程池，max_workers=12
[2025-08-26 18:36:56] [INFO] 计算完成，总耗时: 20.1767秒
[2025-08-26 18:37:00] [INFO] 时间检查 - 当前时间: 18:37:00, 上次计算时间: 18:34:31, 间隔: 2.5分钟
[2025-08-26 18:37:00] [INFO] 距离上次计算仅2.5分钟，未达到30分钟阈值，跳过重新调度
[2025-08-26 18:37:00] [INFO] 开始计算，进程数: 12, 股票数: 5412
[2025-08-26 18:37:00] [INFO] 初始内存使用: 706.29 MB
[2025-08-26 18:37:00] [INFO] 创建新的进程池，max_workers=12
[2025-08-26 18:37:21] [INFO] 计算完成，总耗时: 20.9933秒
[2025-08-26 18:37:26] [INFO] 时间检查 - 当前时间: 18:37:26, 上次计算时间: 18:34:31, 间隔: 2.9分钟
[2025-08-26 18:37:26] [INFO] 距离上次计算仅2.9分钟，未达到30分钟阈值，跳过重新调度
[2025-08-26 18:37:26] [INFO] 开始计算，进程数: 12, 股票数: 5412
[2025-08-26 18:37:26] [INFO] 初始内存使用: 719.87 MB
[2025-08-26 18:37:26] [INFO] 创建新的进程池，max_workers=12
[2025-08-26 18:37:47] [INFO] 计算完成，总耗时: 20.9533秒
[2025-08-26 18:37:51] [INFO] 时间检查 - 当前时间: 18:37:51, 上次计算时间: 18:34:31, 间隔: 3.3分钟
[2025-08-26 18:37:51] [INFO] 距离上次计算仅3.3分钟，未达到30分钟阈值，跳过重新调度
[2025-08-26 18:37:51] [INFO] 开始计算，进程数: 12, 股票数: 5412
[2025-08-26 18:37:51] [INFO] 初始内存使用: 737.58 MB
[2025-08-26 18:37:51] [INFO] 创建新的进程池，max_workers=12
[2025-08-26 18:38:12] [INFO] 计算完成，总耗时: 20.5809秒
[2025-08-26 18:38:34] [INFO] 时间检查 - 当前时间: 18:38:34, 上次计算时间: 18:34:31, 间隔: 4.1分钟
[2025-08-26 18:38:34] [INFO] 距离上次计算仅4.1分钟，未达到30分钟阈值，跳过重新调度
[2025-08-26 18:38:34] [INFO] 开始计算，进程数: 12, 股票数: 5412
[2025-08-26 18:38:34] [INFO] 初始内存使用: 731.72 MB
[2025-08-26 18:38:34] [INFO] 创建新的进程池，max_workers=12
[2025-08-26 18:38:55] [INFO] 计算完成，总耗时: 21.1845秒
[2025-08-26 18:39:06] [INFO] 时间检查 - 当前时间: 18:39:06, 上次计算时间: 18:34:31, 间隔: 4.6分钟
[2025-08-26 18:39:06] [INFO] 距离上次计算仅4.6分钟，未达到30分钟阈值，跳过重新调度
[2025-08-26 18:39:06] [INFO] 开始计算，进程数: 12, 股票数: 5412
[2025-08-26 18:39:06] [INFO] 初始内存使用: 750.25 MB
[2025-08-26 18:39:06] [INFO] 创建新的进程池，max_workers=12
[2025-08-26 18:39:28] [INFO] 计算完成，总耗时: 21.3454秒
[2025-08-26 18:39:33] [INFO] 时间检查 - 当前时间: 18:39:33, 上次计算时间: 18:34:31, 间隔: 5.0分钟
[2025-08-26 18:39:33] [INFO] 距离上次计算仅5.0分钟，未达到30分钟阈值，跳过重新调度
[2025-08-26 18:39:33] [INFO] 开始计算，进程数: 12, 股票数: 5412
[2025-08-26 18:39:33] [INFO] 初始内存使用: 734.82 MB
[2025-08-26 18:39:33] [INFO] 创建新的进程池，max_workers=12
[2025-08-26 18:39:52] [INFO] 计算完成，总耗时: 19.6324秒
[2025-08-26 18:39:56] [INFO] 时间检查 - 当前时间: 18:39:56, 上次计算时间: 18:34:31, 间隔: 5.4分钟
[2025-08-26 18:39:56] [INFO] 距离上次计算仅5.4分钟，未达到30分钟阈值，跳过重新调度
[2025-08-26 18:39:56] [INFO] 开始计算，进程数: 12, 股票数: 5412
[2025-08-26 18:39:56] [INFO] 初始内存使用: 724.98 MB
[2025-08-26 18:39:56] [INFO] 创建新的进程池，max_workers=12
[2025-08-26 18:40:17] [INFO] 计算完成，总耗时: 20.5960秒
[2025-08-26 18:40:21] [INFO] 时间检查 - 当前时间: 18:40:21, 上次计算时间: 18:34:31, 间隔: 5.8分钟
[2025-08-26 18:40:21] [INFO] 距离上次计算仅5.8分钟，未达到30分钟阈值，跳过重新调度
[2025-08-26 18:40:21] [INFO] 开始计算，进程数: 12, 股票数: 5412
[2025-08-26 18:40:21] [INFO] 初始内存使用: 742.16 MB
[2025-08-26 18:40:21] [INFO] 创建新的进程池，max_workers=12
[2025-08-26 18:40:41] [INFO] 计算完成，总耗时: 20.1846秒
[2025-08-26 18:40:46] [INFO] 时间检查 - 当前时间: 18:40:46, 上次计算时间: 18:34:31, 间隔: 6.2分钟
[2025-08-26 18:40:46] [INFO] 距离上次计算仅6.2分钟，未达到30分钟阈值，跳过重新调度
[2025-08-26 18:40:46] [INFO] 开始计算，进程数: 12, 股票数: 5412
[2025-08-26 18:40:46] [INFO] 初始内存使用: 753.59 MB
[2025-08-26 18:40:46] [INFO] 创建新的进程池，max_workers=12
[2025-08-26 18:41:06] [INFO] 计算完成，总耗时: 20.8503秒
[2025-08-26 18:41:11] [INFO] 时间检查 - 当前时间: 18:41:11, 上次计算时间: 18:34:31, 间隔: 6.7分钟
[2025-08-26 18:41:11] [INFO] 距离上次计算仅6.7分钟，未达到30分钟阈值，跳过重新调度
[2025-08-26 18:41:11] [INFO] 开始计算，进程数: 12, 股票数: 5412
[2025-08-26 18:41:11] [INFO] 初始内存使用: 764.94 MB
[2025-08-26 18:41:11] [INFO] 创建新的进程池，max_workers=12
[2025-08-26 18:41:32] [INFO] 计算完成，总耗时: 20.9686秒
[2025-08-26 18:41:36] [INFO] 时间检查 - 当前时间: 18:41:36, 上次计算时间: 18:34:31, 间隔: 7.1分钟
[2025-08-26 18:41:36] [INFO] 距离上次计算仅7.1分钟，未达到30分钟阈值，跳过重新调度
[2025-08-26 18:41:36] [INFO] 开始计算，进程数: 12, 股票数: 5412
[2025-08-26 18:41:36] [INFO] 初始内存使用: 773.35 MB
[2025-08-26 18:41:36] [INFO] 创建新的进程池，max_workers=12
[2025-08-26 18:41:57] [INFO] 计算完成，总耗时: 20.6934秒
[2025-08-26 18:42:22] [INFO] 时间检查 - 当前时间: 18:42:22, 上次计算时间: 18:34:31, 间隔: 7.9分钟
[2025-08-26 18:42:22] [INFO] 距离上次计算仅7.9分钟，未达到30分钟阈值，跳过重新调度
[2025-08-26 18:42:22] [INFO] 开始计算，进程数: 12, 股票数: 5412
[2025-08-26 18:42:22] [INFO] 初始内存使用: 767.04 MB
[2025-08-26 18:42:22] [INFO] 创建新的进程池，max_workers=12
[2025-08-26 18:42:43] [INFO] 计算完成，总耗时: 21.5496秒
[2025-08-26 18:42:48] [INFO] 时间检查 - 当前时间: 18:42:48, 上次计算时间: 18:34:31, 间隔: 8.3分钟
[2025-08-26 18:42:48] [INFO] 距离上次计算仅8.3分钟，未达到30分钟阈值，跳过重新调度
[2025-08-26 18:42:48] [INFO] 开始计算，进程数: 12, 股票数: 5412
[2025-08-26 18:42:48] [INFO] 初始内存使用: 768.01 MB
[2025-08-26 18:42:48] [INFO] 创建新的进程池，max_workers=12
[2025-08-26 18:43:07] [INFO] 计算完成，总耗时: 19.0283秒
[2025-08-26 18:43:11] [INFO] 时间检查 - 当前时间: 18:43:11, 上次计算时间: 18:34:31, 间隔: 8.7分钟
[2025-08-26 18:43:11] [INFO] 距离上次计算仅8.7分钟，未达到30分钟阈值，跳过重新调度
[2025-08-26 18:43:11] [INFO] 开始计算，进程数: 12, 股票数: 5412
[2025-08-26 18:43:11] [INFO] 初始内存使用: 767.84 MB
[2025-08-26 18:43:11] [INFO] 创建新的进程池，max_workers=12
[2025-08-26 18:43:32] [INFO] 计算完成，总耗时: 20.8753秒
[2025-08-26 18:43:36] [INFO] 时间检查 - 当前时间: 18:43:36, 上次计算时间: 18:34:31, 间隔: 9.1分钟
[2025-08-26 18:43:36] [INFO] 距离上次计算仅9.1分钟，未达到30分钟阈值，跳过重新调度
[2025-08-26 18:43:36] [INFO] 开始计算，进程数: 12, 股票数: 5412
[2025-08-26 18:43:36] [INFO] 初始内存使用: 772.96 MB
[2025-08-26 18:43:36] [INFO] 创建新的进程池，max_workers=12
[2025-08-26 18:43:56] [INFO] 计算完成，总耗时: 20.1413秒
[2025-08-26 18:44:01] [INFO] 时间检查 - 当前时间: 18:44:01, 上次计算时间: 18:34:31, 间隔: 9.5分钟
[2025-08-26 18:44:01] [INFO] 距离上次计算仅9.5分钟，未达到30分钟阈值，跳过重新调度
[2025-08-26 18:44:01] [INFO] 开始计算，进程数: 12, 股票数: 5412
[2025-08-26 18:44:01] [INFO] 初始内存使用: 780.06 MB
[2025-08-26 18:44:01] [INFO] 创建新的进程池，max_workers=12
[2025-08-26 18:44:22] [INFO] 计算完成，总耗时: 20.9281秒
[2025-08-26 18:44:26] [INFO] 时间检查 - 当前时间: 18:44:26, 上次计算时间: 18:34:31, 间隔: 9.9分钟
[2025-08-26 18:44:26] [INFO] 距离上次计算仅9.9分钟，未达到30分钟阈值，跳过重新调度
[2025-08-26 18:44:26] [INFO] 开始计算，进程数: 12, 股票数: 5412
[2025-08-26 18:44:26] [INFO] 初始内存使用: 787.77 MB
[2025-08-26 18:44:26] [INFO] 创建新的进程池，max_workers=12
[2025-08-26 18:44:47] [INFO] 计算完成，总耗时: 20.9564秒
[2025-08-26 18:44:51] [INFO] 时间检查 - 当前时间: 18:44:51, 上次计算时间: 18:34:31, 间隔: 10.3分钟
[2025-08-26 18:44:51] [INFO] 距离上次计算仅10.3分钟，未达到30分钟阈值，跳过重新调度
[2025-08-26 18:44:51] [INFO] 开始计算，进程数: 12, 股票数: 5412
[2025-08-26 18:44:51] [INFO] 初始内存使用: 800.98 MB
[2025-08-26 18:44:51] [INFO] 创建新的进程池，max_workers=12
[2025-08-26 18:45:12] [INFO] 计算完成，总耗时: 20.7148秒
[2025-08-26 19:02:28] [INFO] 时间检查 - 当前时间: 19:02:28, 上次计算时间: 18:34:31, 间隔: 28.0分钟
[2025-08-26 19:02:28] [INFO] 距离上次计算仅28.0分钟，未达到30分钟阈值，跳过重新调度
[2025-08-26 19:02:28] [INFO] 开始计算，进程数: 12, 股票数: 5412
[2025-08-26 19:02:28] [INFO] 初始内存使用: 795.48 MB
[2025-08-26 19:02:28] [INFO] 创建新的进程池，max_workers=12
[2025-08-26 19:02:36] [INFO] 计算完成，总耗时: 7.9408秒
[2025-08-26 19:02:44] [INFO] 时间检查 - 当前时间: 19:02:44, 上次计算时间: 18:34:31, 间隔: 28.2分钟
[2025-08-26 19:02:44] [INFO] 距离上次计算仅28.2分钟，未达到30分钟阈值，跳过重新调度
[2025-08-26 19:02:44] [INFO] 开始计算，进程数: 12, 股票数: 5412
[2025-08-26 19:02:44] [INFO] 初始内存使用: 752.89 MB
[2025-08-26 19:02:44] [INFO] 创建新的进程池，max_workers=12
[2025-08-26 19:02:52] [INFO] 计算完成，总耗时: 7.4772秒
[2025-08-26 19:02:55] [INFO] 时间检查 - 当前时间: 19:02:55, 上次计算时间: 18:34:31, 间隔: 28.4分钟
[2025-08-26 19:02:55] [INFO] 距离上次计算仅28.4分钟，未达到30分钟阈值，跳过重新调度
[2025-08-26 19:02:55] [INFO] 开始计算，进程数: 12, 股票数: 5412
[2025-08-26 19:02:55] [INFO] 初始内存使用: 750.00 MB
[2025-08-26 19:02:55] [INFO] 创建新的进程池，max_workers=12
[2025-08-26 19:03:03] [INFO] 计算完成，总耗时: 7.8355秒
[2025-08-26 19:03:06] [INFO] 时间检查 - 当前时间: 19:03:06, 上次计算时间: 18:34:31, 间隔: 28.6分钟
[2025-08-26 19:03:06] [INFO] 距离上次计算仅28.6分钟，未达到30分钟阈值，跳过重新调度
[2025-08-26 19:03:06] [INFO] 开始计算，进程数: 12, 股票数: 5412
[2025-08-26 19:03:06] [INFO] 初始内存使用: 748.22 MB
[2025-08-26 19:03:06] [INFO] 创建新的进程池，max_workers=12
[2025-08-26 19:03:14] [INFO] 计算完成，总耗时: 7.7137秒
[2025-08-26 19:03:17] [INFO] 时间检查 - 当前时间: 19:03:17, 上次计算时间: 18:34:31, 间隔: 28.8分钟
[2025-08-26 19:03:17] [INFO] 距离上次计算仅28.8分钟，未达到30分钟阈值，跳过重新调度
[2025-08-26 19:03:17] [INFO] 开始计算，进程数: 12, 股票数: 5412
[2025-08-26 19:03:17] [INFO] 初始内存使用: 742.98 MB
[2025-08-26 19:03:17] [INFO] 创建新的进程池，max_workers=12
[2025-08-26 19:03:25] [INFO] 计算完成，总耗时: 7.7270秒
[2025-08-26 19:03:28] [INFO] 时间检查 - 当前时间: 19:03:28, 上次计算时间: 18:34:31, 间隔: 29.0分钟
[2025-08-26 19:03:28] [INFO] 距离上次计算仅29.0分钟，未达到30分钟阈值，跳过重新调度
[2025-08-26 19:03:28] [INFO] 开始计算，进程数: 12, 股票数: 5412
[2025-08-26 19:03:28] [INFO] 初始内存使用: 746.95 MB
[2025-08-26 19:03:28] [INFO] 创建新的进程池，max_workers=12
[2025-08-26 19:03:37] [INFO] 计算完成，总耗时: 8.1231秒
[2025-08-26 19:03:40] [INFO] 时间检查 - 当前时间: 19:03:40, 上次计算时间: 18:34:31, 间隔: 29.2分钟
[2025-08-26 19:03:40] [INFO] 距离上次计算仅29.2分钟，未达到30分钟阈值，跳过重新调度
[2025-08-26 19:03:40] [INFO] 开始计算，进程数: 12, 股票数: 5412
[2025-08-26 19:03:40] [INFO] 初始内存使用: 742.34 MB
[2025-08-26 19:03:40] [INFO] 创建新的进程池，max_workers=12
[2025-08-26 19:03:48] [INFO] 计算完成，总耗时: 8.3474秒
[2025-08-26 19:03:52] [INFO] 时间检查 - 当前时间: 19:03:52, 上次计算时间: 18:34:31, 间隔: 29.4分钟
[2025-08-26 19:03:52] [INFO] 距离上次计算仅29.4分钟，未达到30分钟阈值，跳过重新调度
[2025-08-26 19:03:52] [INFO] 开始计算，进程数: 12, 股票数: 5412
[2025-08-26 19:03:52] [INFO] 初始内存使用: 746.67 MB
[2025-08-26 19:03:52] [INFO] 创建新的进程池，max_workers=12
[2025-08-26 19:04:00] [INFO] 计算完成，总耗时: 8.1566秒
[2025-08-26 19:04:03] [INFO] 时间检查 - 当前时间: 19:04:03, 上次计算时间: 18:34:31, 间隔: 29.5分钟
[2025-08-26 19:04:03] [INFO] 距离上次计算仅29.5分钟，未达到30分钟阈值，跳过重新调度
[2025-08-26 19:04:03] [INFO] 开始计算，进程数: 12, 股票数: 5412
[2025-08-26 19:04:03] [INFO] 初始内存使用: 741.30 MB
[2025-08-26 19:04:03] [INFO] 创建新的进程池，max_workers=12
[2025-08-26 19:04:11] [INFO] 计算完成，总耗时: 8.0747秒
[2025-08-26 19:04:23] [INFO] 时间检查 - 当前时间: 19:04:23, 上次计算时间: 18:34:31, 间隔: 29.9分钟
[2025-08-26 19:04:23] [INFO] 距离上次计算仅29.9分钟，未达到30分钟阈值，跳过重新调度
[2025-08-26 19:04:23] [INFO] 开始计算，进程数: 12, 股票数: 5412
[2025-08-26 19:04:23] [INFO] 初始内存使用: 762.11 MB
[2025-08-26 19:04:23] [INFO] 创建新的进程池，max_workers=12
[2025-08-26 19:04:31] [INFO] 计算完成，总耗时: 8.1158秒
[2025-08-26 19:04:35] [INFO] 时间检查 - 当前时间: 19:04:35, 上次计算时间: 18:34:31, 间隔: 30.1分钟
[2025-08-26 19:04:35] [INFO] 距离上次计算已超过30.1分钟，触发主进程重新调度（30分钟阈值）
[2025-08-26 19:04:35] [INFO] [ProcessPoolManager] 主进程优先级已更新为HIGH_PRIORITY_CLASS (PID: 40812)
[2025-08-26 19:04:35] [INFO] 主进程优先级已更新
[2025-08-26 19:04:35] [INFO] 已更新时间戳，下次检查基准时间: 19:04:35
[2025-08-26 19:04:35] [INFO] 开始计算，进程数: 12, 股票数: 5412
[2025-08-26 19:04:35] [INFO] 初始内存使用: 741.51 MB
[2025-08-26 19:04:35] [INFO] 创建新的进程池，max_workers=12
[2025-08-26 19:04:42] [INFO] 计算完成，总耗时: 7.5452秒
[2025-08-26 19:04:45] [INFO] 时间检查 - 当前时间: 19:04:45, 上次计算时间: 19:04:35, 间隔: 0.2分钟
[2025-08-26 19:04:45] [INFO] 距离上次计算仅0.2分钟，未达到30分钟阈值，跳过重新调度
[2025-08-26 19:04:45] [INFO] 开始计算，进程数: 12, 股票数: 5412
[2025-08-26 19:04:45] [INFO] 初始内存使用: 758.76 MB
[2025-08-26 19:04:45] [INFO] 创建新的进程池，max_workers=12
[2025-08-26 19:04:53] [INFO] 计算完成，总耗时: 7.9155秒
[2025-08-26 19:04:57] [INFO] 时间检查 - 当前时间: 19:04:57, 上次计算时间: 19:04:35, 间隔: 0.4分钟
[2025-08-26 19:04:57] [INFO] 距离上次计算仅0.4分钟，未达到30分钟阈值，跳过重新调度
[2025-08-26 19:04:57] [INFO] 开始计算，进程数: 12, 股票数: 5412
[2025-08-26 19:04:57] [INFO] 初始内存使用: 743.25 MB
[2025-08-26 19:04:57] [INFO] 创建新的进程池，max_workers=12
[2025-08-26 19:05:05] [INFO] 计算完成，总耗时: 8.5534秒
[2025-08-26 19:05:09] [INFO] 时间检查 - 当前时间: 19:05:09, 上次计算时间: 19:04:35, 间隔: 0.6分钟
[2025-08-26 19:05:09] [INFO] 距离上次计算仅0.6分钟，未达到30分钟阈值，跳过重新调度
[2025-08-26 19:05:09] [INFO] 开始计算，进程数: 12, 股票数: 5412
[2025-08-26 19:05:09] [INFO] 初始内存使用: 745.67 MB
[2025-08-26 19:05:09] [INFO] 创建新的进程池，max_workers=12
[2025-08-26 19:05:17] [INFO] 计算完成，总耗时: 8.2108秒
[2025-08-26 19:08:15] [INFO] 时间检查 - 当前时间: 19:08:15, 上次计算时间: 19:07:57, 间隔: 0.3分钟
[2025-08-26 19:08:15] [INFO] 距离上次计算仅0.3分钟，未达到30分钟阈值，跳过重新调度
[2025-08-26 19:08:15] [INFO] 开始计算，进程数: 12, 股票数: 5412
[2025-08-26 19:08:15] [INFO] 初始内存使用: 539.92 MB
[2025-08-26 19:08:15] [INFO] 创建新的进程池，max_workers=12
[2025-08-26 19:08:26] [INFO] 计算完成，总耗时: 11.2280秒
[2025-08-26 19:08:58] [INFO] 时间检查 - 当前时间: 19:08:58, 上次计算时间: 19:07:57, 间隔: 1.0分钟
[2025-08-26 19:08:58] [INFO] 距离上次计算仅1.0分钟，未达到30分钟阈值，跳过重新调度
[2025-08-26 19:08:58] [INFO] 开始计算，进程数: 12, 股票数: 5412
[2025-08-26 19:08:58] [INFO] 初始内存使用: 571.25 MB
[2025-08-26 19:08:58] [INFO] 创建新的进程池，max_workers=12
[2025-08-26 19:09:06] [INFO] 计算完成，总耗时: 8.0154秒
[2025-08-26 19:09:15] [INFO] 时间检查 - 当前时间: 19:09:15, 上次计算时间: 19:07:57, 间隔: 1.3分钟
[2025-08-26 19:09:15] [INFO] 距离上次计算仅1.3分钟，未达到30分钟阈值，跳过重新调度
[2025-08-26 19:09:15] [INFO] 开始计算，进程数: 12, 股票数: 5412
[2025-08-26 19:09:15] [INFO] 初始内存使用: 580.93 MB
[2025-08-26 19:09:15] [INFO] 创建新的进程池，max_workers=12
[2025-08-26 19:09:23] [INFO] 计算完成，总耗时: 7.5340秒
[2025-08-26 19:09:26] [INFO] 时间检查 - 当前时间: 19:09:26, 上次计算时间: 19:07:57, 间隔: 1.5分钟
[2025-08-26 19:09:26] [INFO] 距离上次计算仅1.5分钟，未达到30分钟阈值，跳过重新调度
[2025-08-26 19:09:26] [INFO] 开始计算，进程数: 12, 股票数: 5412
[2025-08-26 19:09:26] [INFO] 初始内存使用: 585.42 MB
[2025-08-26 19:09:26] [INFO] 创建新的进程池，max_workers=12
[2025-08-26 19:09:34] [INFO] 计算完成，总耗时: 7.6829秒
[2025-08-26 19:09:37] [INFO] 时间检查 - 当前时间: 19:09:37, 上次计算时间: 19:07:57, 间隔: 1.7分钟
[2025-08-26 19:09:37] [INFO] 距离上次计算仅1.7分钟，未达到30分钟阈值，跳过重新调度
[2025-08-26 19:09:37] [INFO] 开始计算，进程数: 12, 股票数: 5412
[2025-08-26 19:09:37] [INFO] 初始内存使用: 589.09 MB
[2025-08-26 19:09:37] [INFO] 创建新的进程池，max_workers=12
[2025-08-26 19:09:45] [INFO] 计算完成，总耗时: 7.7492秒
[2025-08-26 19:09:48] [INFO] 时间检查 - 当前时间: 19:09:48, 上次计算时间: 19:07:57, 间隔: 1.9分钟
[2025-08-26 19:09:48] [INFO] 距离上次计算仅1.9分钟，未达到30分钟阈值，跳过重新调度
[2025-08-26 19:09:48] [INFO] 开始计算，进程数: 12, 股票数: 5412
[2025-08-26 19:09:48] [INFO] 初始内存使用: 594.60 MB
[2025-08-26 19:09:48] [INFO] 创建新的进程池，max_workers=12
[2025-08-26 19:09:56] [INFO] 计算完成，总耗时: 7.7300秒
[2025-08-26 19:09:59] [INFO] 时间检查 - 当前时间: 19:09:59, 上次计算时间: 19:07:57, 间隔: 2.0分钟
[2025-08-26 19:09:59] [INFO] 距离上次计算仅2.0分钟，未达到30分钟阈值，跳过重新调度
[2025-08-26 19:09:59] [INFO] 开始计算，进程数: 12, 股票数: 5412
[2025-08-26 19:09:59] [INFO] 初始内存使用: 592.82 MB
[2025-08-26 19:09:59] [INFO] 创建新的进程池，max_workers=12
[2025-08-26 19:10:07] [INFO] 计算完成，总耗时: 7.9866秒
[2025-08-26 19:10:11] [INFO] 时间检查 - 当前时间: 19:10:11, 上次计算时间: 19:07:57, 间隔: 2.2分钟
[2025-08-26 19:10:11] [INFO] 距离上次计算仅2.2分钟，未达到30分钟阈值，跳过重新调度
[2025-08-26 19:10:11] [INFO] 开始计算，进程数: 12, 股票数: 5412
[2025-08-26 19:10:11] [INFO] 初始内存使用: 598.01 MB
[2025-08-26 19:10:11] [INFO] 创建新的进程池，max_workers=12
[2025-08-26 19:10:19] [INFO] 计算完成，总耗时: 7.9424秒
[2025-08-26 19:10:22] [INFO] 时间检查 - 当前时间: 19:10:22, 上次计算时间: 19:07:57, 间隔: 2.4分钟
[2025-08-26 19:10:22] [INFO] 距离上次计算仅2.4分钟，未达到30分钟阈值，跳过重新调度
[2025-08-26 19:10:22] [INFO] 开始计算，进程数: 12, 股票数: 5412
[2025-08-26 19:10:22] [INFO] 初始内存使用: 599.18 MB
[2025-08-26 19:10:22] [INFO] 创建新的进程池，max_workers=12
[2025-08-26 19:10:30] [INFO] 计算完成，总耗时: 8.2402秒
[2025-08-26 19:10:34] [INFO] 时间检查 - 当前时间: 19:10:34, 上次计算时间: 19:07:57, 间隔: 2.6分钟
[2025-08-26 19:10:34] [INFO] 距离上次计算仅2.6分钟，未达到30分钟阈值，跳过重新调度
[2025-08-26 19:10:34] [INFO] 开始计算，进程数: 12, 股票数: 5412
[2025-08-26 19:10:34] [INFO] 初始内存使用: 602.02 MB
[2025-08-26 19:10:34] [INFO] 创建新的进程池，max_workers=12
[2025-08-26 19:10:42] [INFO] 计算完成，总耗时: 8.0659秒
[2025-08-26 19:10:54] [INFO] 时间检查 - 当前时间: 19:10:54, 上次计算时间: 19:07:57, 间隔: 3.0分钟
[2025-08-26 19:10:54] [INFO] 距离上次计算仅3.0分钟，未达到30分钟阈值，跳过重新调度
[2025-08-26 19:10:54] [INFO] 开始计算，进程数: 12, 股票数: 5412
[2025-08-26 19:10:54] [INFO] 初始内存使用: 610.75 MB
[2025-08-26 19:10:54] [INFO] 创建新的进程池，max_workers=12
[2025-08-26 19:11:02] [INFO] 计算完成，总耗时: 7.9432秒
[2025-08-26 19:11:06] [INFO] 时间检查 - 当前时间: 19:11:06, 上次计算时间: 19:07:57, 间隔: 3.2分钟
[2025-08-26 19:11:06] [INFO] 距离上次计算仅3.2分钟，未达到30分钟阈值，跳过重新调度
[2025-08-26 19:11:06] [INFO] 开始计算，进程数: 12, 股票数: 5412
[2025-08-26 19:11:06] [INFO] 初始内存使用: 607.84 MB
[2025-08-26 19:11:06] [INFO] 创建新的进程池，max_workers=12
[2025-08-26 19:11:13] [INFO] 计算完成，总耗时: 7.3063秒
[2025-08-26 19:11:17] [INFO] 时间检查 - 当前时间: 19:11:17, 上次计算时间: 19:07:57, 间隔: 3.3分钟
[2025-08-26 19:11:17] [INFO] 距离上次计算仅3.3分钟，未达到30分钟阈值，跳过重新调度
[2025-08-26 19:11:17] [INFO] 开始计算，进程数: 12, 股票数: 5412
[2025-08-26 19:11:17] [INFO] 初始内存使用: 605.87 MB
[2025-08-26 19:11:17] [INFO] 创建新的进程池，max_workers=12
[2025-08-26 19:11:24] [INFO] 计算完成，总耗时: 7.5871秒
[2025-08-26 19:11:28] [INFO] 时间检查 - 当前时间: 19:11:28, 上次计算时间: 19:07:57, 间隔: 3.5分钟
[2025-08-26 19:11:28] [INFO] 距离上次计算仅3.5分钟，未达到30分钟阈值，跳过重新调度
[2025-08-26 19:11:28] [INFO] 开始计算，进程数: 12, 股票数: 5412
[2025-08-26 19:11:28] [INFO] 初始内存使用: 607.70 MB
[2025-08-26 19:11:28] [INFO] 创建新的进程池，max_workers=12
[2025-08-26 19:11:35] [INFO] 计算完成，总耗时: 7.6570秒
[2025-08-26 19:11:39] [INFO] 时间检查 - 当前时间: 19:11:39, 上次计算时间: 19:07:57, 间隔: 3.7分钟
[2025-08-26 19:11:39] [INFO] 距离上次计算仅3.7分钟，未达到30分钟阈值，跳过重新调度
[2025-08-26 19:11:39] [INFO] 开始计算，进程数: 12, 股票数: 5412
[2025-08-26 19:11:39] [INFO] 初始内存使用: 611.06 MB
[2025-08-26 19:11:39] [INFO] 创建新的进程池，max_workers=12
[2025-08-26 19:11:46] [INFO] 计算完成，总耗时: 7.6934秒
[2025-08-26 19:11:50] [INFO] 时间检查 - 当前时间: 19:11:50, 上次计算时间: 19:07:57, 间隔: 3.9分钟
[2025-08-26 19:11:50] [INFO] 距离上次计算仅3.9分钟，未达到30分钟阈值，跳过重新调度
[2025-08-26 19:11:50] [INFO] 开始计算，进程数: 12, 股票数: 5412
[2025-08-26 19:11:50] [INFO] 初始内存使用: 613.49 MB
[2025-08-26 19:11:50] [INFO] 创建新的进程池，max_workers=12
[2025-08-26 19:11:58] [INFO] 计算完成，总耗时: 8.0003秒
[2025-08-26 19:12:01] [INFO] 时间检查 - 当前时间: 19:12:01, 上次计算时间: 19:07:57, 间隔: 4.1分钟
[2025-08-26 19:12:01] [INFO] 距离上次计算仅4.1分钟，未达到30分钟阈值，跳过重新调度
[2025-08-26 19:12:01] [INFO] 开始计算，进程数: 12, 股票数: 5412
[2025-08-26 19:12:01] [INFO] 初始内存使用: 615.56 MB
[2025-08-26 19:12:01] [INFO] 创建新的进程池，max_workers=12
[2025-08-26 19:12:09] [INFO] 计算完成，总耗时: 8.0586秒
[2025-08-26 19:12:13] [INFO] 时间检查 - 当前时间: 19:12:13, 上次计算时间: 19:07:57, 间隔: 4.3分钟
[2025-08-26 19:12:13] [INFO] 距离上次计算仅4.3分钟，未达到30分钟阈值，跳过重新调度
[2025-08-26 19:12:13] [INFO] 开始计算，进程数: 12, 股票数: 5412
[2025-08-26 19:12:13] [INFO] 初始内存使用: 618.22 MB
[2025-08-26 19:12:13] [INFO] 创建新的进程池，max_workers=12
[2025-08-26 19:12:21] [INFO] 计算完成，总耗时: 8.0036秒
[2025-08-26 19:12:24] [INFO] 时间检查 - 当前时间: 19:12:24, 上次计算时间: 19:07:57, 间隔: 4.4分钟
[2025-08-26 19:12:24] [INFO] 距离上次计算仅4.4分钟，未达到30分钟阈值，跳过重新调度
[2025-08-26 19:12:24] [INFO] 开始计算，进程数: 12, 股票数: 5412
[2025-08-26 19:12:24] [INFO] 初始内存使用: 619.08 MB
[2025-08-26 19:12:24] [INFO] 创建新的进程池，max_workers=12
[2025-08-26 19:12:32] [INFO] 计算完成，总耗时: 8.0215秒
[2025-08-26 19:27:40] [INFO] 时间检查 - 当前时间: 19:27:40, 上次计算时间: 19:26:43, 间隔: 0.9分钟
[2025-08-26 19:27:40] [INFO] 距离上次计算仅0.9分钟，未达到30分钟阈值，跳过重新调度
[2025-08-26 19:27:40] [INFO] 开始计算，进程数: 12, 股票数: 5427
[2025-08-26 19:27:40] [INFO] 初始内存使用: 915.36 MB
[2025-08-26 19:27:40] [INFO] 创建新的进程池，max_workers=12
[2025-08-26 19:27:47] [INFO] 计算完成，总耗时: 7.1361秒
[2025-08-26 19:28:08] [INFO] 时间检查 - 当前时间: 19:28:08, 上次计算时间: 19:26:43, 间隔: 1.4分钟
[2025-08-26 19:28:08] [INFO] 距离上次计算仅1.4分钟，未达到30分钟阈值，跳过重新调度
[2025-08-26 19:28:08] [INFO] 开始计算，进程数: 12, 股票数: 5427
[2025-08-26 19:28:08] [INFO] 初始内存使用: 922.43 MB
[2025-08-26 19:28:08] [INFO] 创建新的进程池，max_workers=12
[2025-08-26 19:28:15] [INFO] 计算完成，总耗时: 7.0428秒
[2025-08-26 22:30:14] [INFO] 时间检查 - 当前时间: 22:30:14, 上次计算时间: 22:28:50, 间隔: 1.4分钟
[2025-08-26 22:30:14] [INFO] 距离上次计算仅1.4分钟，未达到30分钟阈值，跳过重新调度
[2025-08-26 22:30:14] [INFO] 开始计算，进程数: 12, 股票数: 5427
[2025-08-26 22:30:14] [INFO] 初始内存使用: 882.02 MB
[2025-08-26 22:30:14] [INFO] 创建新的进程池，max_workers=12
[2025-08-26 22:30:22] [INFO] 计算完成，总耗时: 8.0021秒
[2025-08-26 22:30:25] [INFO] 时间检查 - 当前时间: 22:30:25, 上次计算时间: 22:28:50, 间隔: 1.6分钟
[2025-08-26 22:30:25] [INFO] 距离上次计算仅1.6分钟，未达到30分钟阈值，跳过重新调度
[2025-08-26 22:30:25] [INFO] 开始计算，进程数: 12, 股票数: 5427
[2025-08-26 22:30:25] [INFO] 初始内存使用: 719.26 MB
[2025-08-26 22:30:25] [INFO] 创建新的进程池，max_workers=12
[2025-08-26 22:30:33] [INFO] 计算完成，总耗时: 7.8411秒
[2025-08-26 22:30:37] [INFO] 时间检查 - 当前时间: 22:30:37, 上次计算时间: 22:28:50, 间隔: 1.8分钟
[2025-08-26 22:30:37] [INFO] 距离上次计算仅1.8分钟，未达到30分钟阈值，跳过重新调度
[2025-08-26 22:30:37] [INFO] 开始计算，进程数: 12, 股票数: 5427
[2025-08-26 22:30:37] [INFO] 初始内存使用: 725.98 MB
[2025-08-26 22:30:37] [INFO] 创建新的进程池，max_workers=12
[2025-08-26 22:30:44] [INFO] 计算完成，总耗时: 7.8032秒
[2025-08-26 22:30:48] [INFO] 时间检查 - 当前时间: 22:30:48, 上次计算时间: 22:28:50, 间隔: 2.0分钟
[2025-08-26 22:30:48] [INFO] 距离上次计算仅2.0分钟，未达到30分钟阈值，跳过重新调度
[2025-08-26 22:30:48] [INFO] 开始计算，进程数: 12, 股票数: 5427
[2025-08-26 22:30:48] [INFO] 初始内存使用: 728.30 MB
[2025-08-26 22:30:48] [INFO] 创建新的进程池，max_workers=12
[2025-08-26 22:30:55] [INFO] 计算完成，总耗时: 7.3147秒
[2025-08-26 22:30:58] [INFO] 时间检查 - 当前时间: 22:30:58, 上次计算时间: 22:28:50, 间隔: 2.1分钟
[2025-08-26 22:30:58] [INFO] 距离上次计算仅2.1分钟，未达到30分钟阈值，跳过重新调度
[2025-08-26 22:30:58] [INFO] 开始计算，进程数: 12, 股票数: 5427
[2025-08-26 22:30:58] [INFO] 初始内存使用: 730.77 MB
[2025-08-26 22:30:58] [INFO] 创建新的进程池，max_workers=12
[2025-08-26 22:31:06] [INFO] 计算完成，总耗时: 7.7322秒
[2025-08-26 22:31:10] [INFO] 时间检查 - 当前时间: 22:31:10, 上次计算时间: 22:28:50, 间隔: 2.3分钟
[2025-08-26 22:31:10] [INFO] 距离上次计算仅2.3分钟，未达到30分钟阈值，跳过重新调度
[2025-08-26 22:31:10] [INFO] 开始计算，进程数: 12, 股票数: 5427
[2025-08-26 22:31:10] [INFO] 初始内存使用: 732.27 MB
[2025-08-26 22:31:10] [INFO] 创建新的进程池，max_workers=12
[2025-08-26 22:31:17] [INFO] 计算完成，总耗时: 7.6161秒
[2025-08-26 22:31:21] [INFO] 时间检查 - 当前时间: 22:31:21, 上次计算时间: 22:28:50, 间隔: 2.5分钟
[2025-08-26 22:31:21] [INFO] 距离上次计算仅2.5分钟，未达到30分钟阈值，跳过重新调度
[2025-08-26 22:31:21] [INFO] 开始计算，进程数: 12, 股票数: 5427
[2025-08-26 22:31:21] [INFO] 初始内存使用: 733.65 MB
[2025-08-26 22:31:21] [INFO] 创建新的进程池，max_workers=12
[2025-08-26 22:31:28] [INFO] 计算完成，总耗时: 7.5480秒
[2025-08-26 22:31:31] [INFO] 时间检查 - 当前时间: 22:31:31, 上次计算时间: 22:28:50, 间隔: 2.7分钟
[2025-08-26 22:31:31] [INFO] 距离上次计算仅2.7分钟，未达到30分钟阈值，跳过重新调度
[2025-08-26 22:31:31] [INFO] 开始计算，进程数: 12, 股票数: 5427
[2025-08-26 22:31:31] [INFO] 初始内存使用: 735.20 MB
[2025-08-26 22:31:31] [INFO] 创建新的进程池，max_workers=12
[2025-08-26 22:31:39] [INFO] 计算完成，总耗时: 7.3577秒
[2025-08-26 22:31:42] [INFO] 时间检查 - 当前时间: 22:31:42, 上次计算时间: 22:28:50, 间隔: 2.9分钟
[2025-08-26 22:31:42] [INFO] 距离上次计算仅2.9分钟，未达到30分钟阈值，跳过重新调度
[2025-08-26 22:31:42] [INFO] 开始计算，进程数: 12, 股票数: 5427
[2025-08-26 22:31:42] [INFO] 初始内存使用: 744.16 MB
[2025-08-26 22:31:42] [INFO] 创建新的进程池，max_workers=12
[2025-08-26 22:31:50] [INFO] 计算完成，总耗时: 7.8620秒
[2025-08-26 22:31:53] [INFO] 时间检查 - 当前时间: 22:31:53, 上次计算时间: 22:28:50, 间隔: 3.1分钟
[2025-08-26 22:31:53] [INFO] 距离上次计算仅3.1分钟，未达到30分钟阈值，跳过重新调度
[2025-08-26 22:31:53] [INFO] 开始计算，进程数: 12, 股票数: 5427
[2025-08-26 22:31:53] [INFO] 初始内存使用: 743.83 MB
[2025-08-26 22:31:53] [INFO] 创建新的进程池，max_workers=12
[2025-08-26 22:32:01] [INFO] 计算完成，总耗时: 7.5202秒
[2025-08-26 22:32:04] [INFO] 时间检查 - 当前时间: 22:32:04, 上次计算时间: 22:28:50, 间隔: 3.2分钟
[2025-08-26 22:32:04] [INFO] 距离上次计算仅3.2分钟，未达到30分钟阈值，跳过重新调度
[2025-08-26 22:32:04] [INFO] 开始计算，进程数: 12, 股票数: 5427
[2025-08-26 22:32:04] [INFO] 初始内存使用: 748.22 MB
[2025-08-26 22:32:04] [INFO] 创建新的进程池，max_workers=12
[2025-08-26 22:32:12] [INFO] 计算完成，总耗时: 7.5532秒
[2025-08-26 22:32:15] [INFO] 时间检查 - 当前时间: 22:32:15, 上次计算时间: 22:28:50, 间隔: 3.4分钟
[2025-08-26 22:32:15] [INFO] 距离上次计算仅3.4分钟，未达到30分钟阈值，跳过重新调度
[2025-08-26 22:32:15] [INFO] 开始计算，进程数: 12, 股票数: 5427
[2025-08-26 22:32:15] [INFO] 初始内存使用: 748.02 MB
[2025-08-26 22:32:15] [INFO] 创建新的进程池，max_workers=12
[2025-08-26 22:32:22] [INFO] 计算完成，总耗时: 7.2522秒
[2025-08-26 22:32:37] [INFO] 时间检查 - 当前时间: 22:32:37, 上次计算时间: 22:28:50, 间隔: 3.8分钟
[2025-08-26 22:32:37] [INFO] 距离上次计算仅3.8分钟，未达到30分钟阈值，跳过重新调度
[2025-08-26 22:32:37] [INFO] 开始计算，进程数: 12, 股票数: 5427
[2025-08-26 22:32:37] [INFO] 初始内存使用: 753.66 MB
[2025-08-26 22:32:37] [INFO] 创建新的进程池，max_workers=12
[2025-08-26 22:32:44] [INFO] 计算完成，总耗时: 7.2570秒
[2025-08-26 22:32:48] [INFO] 时间检查 - 当前时间: 22:32:48, 上次计算时间: 22:28:50, 间隔: 4.0分钟
[2025-08-26 22:32:48] [INFO] 距离上次计算仅4.0分钟，未达到30分钟阈值，跳过重新调度
[2025-08-26 22:32:48] [INFO] 开始计算，进程数: 12, 股票数: 5427
[2025-08-26 22:32:48] [INFO] 初始内存使用: 746.73 MB
[2025-08-26 22:32:48] [INFO] 创建新的进程池，max_workers=12
[2025-08-26 22:32:55] [INFO] 计算完成，总耗时: 7.7690秒
[2025-08-26 22:32:58] [INFO] 时间检查 - 当前时间: 22:32:58, 上次计算时间: 22:28:50, 间隔: 4.1分钟
[2025-08-26 22:32:58] [INFO] 距离上次计算仅4.1分钟，未达到30分钟阈值，跳过重新调度
[2025-08-26 22:32:58] [INFO] 开始计算，进程数: 12, 股票数: 5427
[2025-08-26 22:32:58] [INFO] 初始内存使用: 746.51 MB
[2025-08-26 22:32:58] [INFO] 创建新的进程池，max_workers=12
[2025-08-26 22:33:06] [INFO] 计算完成，总耗时: 7.6849秒
[2025-08-26 22:37:13] [INFO] 时间检查 - 当前时间: 22:37:13, 上次计算时间: 22:36:16, 间隔: 0.9分钟
[2025-08-26 22:37:13] [INFO] 距离上次计算仅0.9分钟，未达到30分钟阈值，跳过重新调度
[2025-08-26 22:37:13] [INFO] 开始计算，进程数: 12, 股票数: 5427
[2025-08-26 22:37:13] [INFO] 初始内存使用: 883.14 MB
[2025-08-26 22:37:13] [INFO] 创建新的进程池，max_workers=12
[2025-08-26 22:37:21] [INFO] 计算完成，总耗时: 7.3865秒
[2025-08-26 22:37:24] [INFO] 时间检查 - 当前时间: 22:37:24, 上次计算时间: 22:36:16, 间隔: 1.1分钟
[2025-08-26 22:37:24] [INFO] 距离上次计算仅1.1分钟，未达到30分钟阈值，跳过重新调度
[2025-08-26 22:37:24] [INFO] 开始计算，进程数: 12, 股票数: 5427
[2025-08-26 22:37:24] [INFO] 初始内存使用: 722.75 MB
[2025-08-26 22:37:24] [INFO] 创建新的进程池，max_workers=12
[2025-08-26 22:37:32] [INFO] 计算完成，总耗时: 7.4444秒
[2025-08-26 22:37:35] [INFO] 时间检查 - 当前时间: 22:37:35, 上次计算时间: 22:36:16, 间隔: 1.3分钟
[2025-08-26 22:37:35] [INFO] 距离上次计算仅1.3分钟，未达到30分钟阈值，跳过重新调度
[2025-08-26 22:37:35] [INFO] 开始计算，进程数: 12, 股票数: 5427
[2025-08-26 22:37:35] [INFO] 初始内存使用: 727.14 MB
[2025-08-26 22:37:35] [INFO] 创建新的进程池，max_workers=12
[2025-08-26 22:37:42] [INFO] 计算完成，总耗时: 7.3903秒
[2025-08-26 22:37:46] [INFO] 时间检查 - 当前时间: 22:37:46, 上次计算时间: 22:36:16, 间隔: 1.5分钟
[2025-08-26 22:37:46] [INFO] 距离上次计算仅1.5分钟，未达到30分钟阈值，跳过重新调度
[2025-08-26 22:37:46] [INFO] 开始计算，进程数: 12, 股票数: 5427
[2025-08-26 22:37:46] [INFO] 初始内存使用: 729.03 MB
[2025-08-26 22:37:46] [INFO] 创建新的进程池，max_workers=12
[2025-08-26 22:37:53] [INFO] 计算完成，总耗时: 6.9245秒
[2025-08-26 22:37:56] [INFO] 时间检查 - 当前时间: 22:37:56, 上次计算时间: 22:36:16, 间隔: 1.7分钟
[2025-08-26 22:37:56] [INFO] 距离上次计算仅1.7分钟，未达到30分钟阈值，跳过重新调度
[2025-08-26 22:37:56] [INFO] 开始计算，进程数: 12, 股票数: 5427
[2025-08-26 22:37:56] [INFO] 初始内存使用: 732.82 MB
[2025-08-26 22:37:56] [INFO] 创建新的进程池，max_workers=12
[2025-08-26 22:38:03] [INFO] 计算完成，总耗时: 7.5328秒
[2025-08-26 22:38:07] [INFO] 时间检查 - 当前时间: 22:38:07, 上次计算时间: 22:36:16, 间隔: 1.8分钟
[2025-08-26 22:38:07] [INFO] 距离上次计算仅1.8分钟，未达到30分钟阈值，跳过重新调度
[2025-08-26 22:38:07] [INFO] 开始计算，进程数: 12, 股票数: 5427
[2025-08-26 22:38:07] [INFO] 初始内存使用: 733.93 MB
[2025-08-26 22:38:07] [INFO] 创建新的进程池，max_workers=12
[2025-08-26 22:38:14] [INFO] 计算完成，总耗时: 7.4754秒
[2025-08-26 22:38:18] [INFO] 时间检查 - 当前时间: 22:38:18, 上次计算时间: 22:36:16, 间隔: 2.0分钟
[2025-08-26 22:38:18] [INFO] 距离上次计算仅2.0分钟，未达到30分钟阈值，跳过重新调度
[2025-08-26 22:38:18] [INFO] 开始计算，进程数: 12, 股票数: 5427
[2025-08-26 22:38:18] [INFO] 初始内存使用: 742.80 MB
[2025-08-26 22:38:18] [INFO] 创建新的进程池，max_workers=12
[2025-08-26 22:38:25] [INFO] 计算完成，总耗时: 7.1878秒
[2025-08-26 22:38:28] [INFO] 时间检查 - 当前时间: 22:38:28, 上次计算时间: 22:36:16, 间隔: 2.2分钟
[2025-08-26 22:38:28] [INFO] 距离上次计算仅2.2分钟，未达到30分钟阈值，跳过重新调度
[2025-08-26 22:38:28] [INFO] 开始计算，进程数: 12, 股票数: 5427
[2025-08-26 22:38:28] [INFO] 初始内存使用: 744.84 MB
[2025-08-26 22:38:28] [INFO] 创建新的进程池，max_workers=12
[2025-08-26 22:38:35] [INFO] 计算完成，总耗时: 6.9661秒
[2025-08-26 22:38:38] [INFO] 时间检查 - 当前时间: 22:38:38, 上次计算时间: 22:36:16, 间隔: 2.4分钟
[2025-08-26 22:38:38] [INFO] 距离上次计算仅2.4分钟，未达到30分钟阈值，跳过重新调度
[2025-08-26 22:38:38] [INFO] 开始计算，进程数: 12, 股票数: 5427
[2025-08-26 22:38:38] [INFO] 初始内存使用: 746.64 MB
[2025-08-26 22:38:38] [INFO] 创建新的进程池，max_workers=12
[2025-08-26 22:38:46] [INFO] 计算完成，总耗时: 7.4755秒
[2025-08-26 22:38:49] [INFO] 时间检查 - 当前时间: 22:38:49, 上次计算时间: 22:36:16, 间隔: 2.5分钟
[2025-08-26 22:38:49] [INFO] 距离上次计算仅2.5分钟，未达到30分钟阈值，跳过重新调度
[2025-08-26 22:38:49] [INFO] 开始计算，进程数: 12, 股票数: 5427
[2025-08-26 22:38:49] [INFO] 初始内存使用: 746.84 MB
[2025-08-26 22:38:49] [INFO] 创建新的进程池，max_workers=12
[2025-08-26 22:38:57] [INFO] 计算完成，总耗时: 7.3978秒
[2025-08-26 22:39:00] [INFO] 时间检查 - 当前时间: 22:39:00, 上次计算时间: 22:36:16, 间隔: 2.7分钟
[2025-08-26 22:39:00] [INFO] 距离上次计算仅2.7分钟，未达到30分钟阈值，跳过重新调度
[2025-08-26 22:39:00] [INFO] 开始计算，进程数: 12, 股票数: 5427
[2025-08-26 22:39:00] [INFO] 初始内存使用: 751.29 MB
[2025-08-26 22:39:00] [INFO] 创建新的进程池，max_workers=12
[2025-08-26 22:39:07] [INFO] 计算完成，总耗时: 7.4552秒
[2025-08-26 22:39:11] [INFO] 时间检查 - 当前时间: 22:39:11, 上次计算时间: 22:36:16, 间隔: 2.9分钟
[2025-08-26 22:39:11] [INFO] 距离上次计算仅2.9分钟，未达到30分钟阈值，跳过重新调度
[2025-08-26 22:39:11] [INFO] 开始计算，进程数: 12, 股票数: 5427
[2025-08-26 22:39:11] [INFO] 初始内存使用: 750.95 MB
[2025-08-26 22:39:11] [INFO] 创建新的进程池，max_workers=12
[2025-08-26 22:39:18] [INFO] 计算完成，总耗时: 6.9145秒
[2025-08-26 22:41:52] [INFO] 时间检查 - 当前时间: 22:41:52, 上次计算时间: 22:36:16, 间隔: 5.6分钟
[2025-08-26 22:41:52] [INFO] 距离上次计算仅5.6分钟，未达到30分钟阈值，跳过重新调度
[2025-08-26 22:41:52] [INFO] 开始计算，进程数: 12, 股票数: 5427
[2025-08-26 22:41:52] [INFO] 初始内存使用: 759.04 MB
[2025-08-26 22:41:52] [INFO] 创建新的进程池，max_workers=12
[2025-08-26 22:41:59] [INFO] 计算完成，总耗时: 7.1855秒
[2025-08-26 22:51:33] [INFO] 时间检查 - 当前时间: 22:51:33, 上次计算时间: 22:50:36, 间隔: 1.0分钟
[2025-08-26 22:51:33] [INFO] 距离上次计算仅1.0分钟，未达到30分钟阈值，跳过重新调度
[2025-08-26 22:51:33] [INFO] 开始计算，进程数: 12, 股票数: 5427
[2025-08-26 22:51:33] [INFO] 初始内存使用: 883.47 MB
[2025-08-26 22:51:33] [INFO] 创建新的进程池，max_workers=12
[2025-08-26 22:51:41] [INFO] 计算完成，总耗时: 7.5655秒
[2025-08-26 22:51:44] [INFO] 时间检查 - 当前时间: 22:51:44, 上次计算时间: 22:50:36, 间隔: 1.1分钟
[2025-08-26 22:51:44] [INFO] 距离上次计算仅1.1分钟，未达到30分钟阈值，跳过重新调度
[2025-08-26 22:51:44] [INFO] 开始计算，进程数: 12, 股票数: 5427
[2025-08-26 22:51:44] [INFO] 初始内存使用: 721.05 MB
[2025-08-26 22:51:44] [INFO] 创建新的进程池，max_workers=12
[2025-08-26 22:51:52] [INFO] 计算完成，总耗时: 7.5074秒
[2025-08-26 22:51:55] [INFO] 时间检查 - 当前时间: 22:51:55, 上次计算时间: 22:50:36, 间隔: 1.3分钟
[2025-08-26 22:51:55] [INFO] 距离上次计算仅1.3分钟，未达到30分钟阈值，跳过重新调度
[2025-08-26 22:51:55] [INFO] 开始计算，进程数: 12, 股票数: 5427
[2025-08-26 22:51:55] [INFO] 初始内存使用: 728.04 MB
[2025-08-26 22:51:55] [INFO] 创建新的进程池，max_workers=12
[2025-08-26 22:52:03] [INFO] 计算完成，总耗时: 7.4799秒
[2025-08-26 22:52:06] [INFO] 时间检查 - 当前时间: 22:52:06, 上次计算时间: 22:50:36, 间隔: 1.5分钟
[2025-08-26 22:52:06] [INFO] 距离上次计算仅1.5分钟，未达到30分钟阈值，跳过重新调度
[2025-08-26 22:52:06] [INFO] 开始计算，进程数: 12, 股票数: 5427
[2025-08-26 22:52:06] [INFO] 初始内存使用: 728.91 MB
[2025-08-26 22:52:06] [INFO] 创建新的进程池，max_workers=12
[2025-08-26 22:52:13] [INFO] 计算完成，总耗时: 6.9108秒
[2025-08-26 22:52:16] [INFO] 时间检查 - 当前时间: 22:52:16, 上次计算时间: 22:50:36, 间隔: 1.7分钟
[2025-08-26 22:52:16] [INFO] 距离上次计算仅1.7分钟，未达到30分钟阈值，跳过重新调度
[2025-08-26 22:52:16] [INFO] 开始计算，进程数: 12, 股票数: 5427
[2025-08-26 22:52:16] [INFO] 初始内存使用: 732.29 MB
[2025-08-26 22:52:16] [INFO] 创建新的进程池，max_workers=12
[2025-08-26 22:52:24] [INFO] 计算完成，总耗时: 7.4525秒
[2025-08-26 22:52:27] [INFO] 时间检查 - 当前时间: 22:52:27, 上次计算时间: 22:50:36, 间隔: 1.8分钟
[2025-08-26 22:52:27] [INFO] 距离上次计算仅1.8分钟，未达到30分钟阈值，跳过重新调度
[2025-08-26 22:52:27] [INFO] 开始计算，进程数: 12, 股票数: 5427
[2025-08-26 22:52:27] [INFO] 初始内存使用: 734.08 MB
[2025-08-26 22:52:27] [INFO] 创建新的进程池，max_workers=12
[2025-08-26 22:52:35] [INFO] 计算完成，总耗时: 7.5723秒
[2025-08-26 22:52:38] [INFO] 时间检查 - 当前时间: 22:52:38, 上次计算时间: 22:50:36, 间隔: 2.0分钟
[2025-08-26 22:52:38] [INFO] 距离上次计算仅2.0分钟，未达到30分钟阈值，跳过重新调度
[2025-08-26 22:52:38] [INFO] 开始计算，进程数: 12, 股票数: 5427
[2025-08-26 22:52:38] [INFO] 初始内存使用: 735.94 MB
[2025-08-26 22:52:38] [INFO] 创建新的进程池，max_workers=12
[2025-08-26 22:52:45] [INFO] 计算完成，总耗时: 7.3043秒
[2025-08-26 22:52:49] [INFO] 时间检查 - 当前时间: 22:52:49, 上次计算时间: 22:50:36, 间隔: 2.2分钟
[2025-08-26 22:52:49] [INFO] 距离上次计算仅2.2分钟，未达到30分钟阈值，跳过重新调度
[2025-08-26 22:52:49] [INFO] 开始计算，进程数: 12, 股票数: 5427
[2025-08-26 22:52:49] [INFO] 初始内存使用: 736.86 MB
[2025-08-26 22:52:49] [INFO] 创建新的进程池，max_workers=12
[2025-08-26 22:52:56] [INFO] 计算完成，总耗时: 7.1127秒
[2025-08-26 22:52:59] [INFO] 时间检查 - 当前时间: 22:52:59, 上次计算时间: 22:50:36, 间隔: 2.4分钟
[2025-08-26 22:52:59] [INFO] 距离上次计算仅2.4分钟，未达到30分钟阈值，跳过重新调度
[2025-08-26 22:52:59] [INFO] 开始计算，进程数: 12, 股票数: 5427
[2025-08-26 22:52:59] [INFO] 初始内存使用: 746.06 MB
[2025-08-26 22:52:59] [INFO] 创建新的进程池，max_workers=12
[2025-08-26 22:53:07] [INFO] 计算完成，总耗时: 7.6448秒
[2025-08-26 22:53:10] [INFO] 时间检查 - 当前时间: 22:53:10, 上次计算时间: 22:50:36, 间隔: 2.6分钟
[2025-08-26 22:53:10] [INFO] 距离上次计算仅2.6分钟，未达到30分钟阈值，跳过重新调度
[2025-08-26 22:53:10] [INFO] 开始计算，进程数: 12, 股票数: 5427
[2025-08-26 22:53:10] [INFO] 初始内存使用: 746.34 MB
[2025-08-26 22:53:10] [INFO] 创建新的进程池，max_workers=12
[2025-08-26 22:53:18] [INFO] 计算完成，总耗时: 7.5571秒
[2025-08-26 22:53:21] [INFO] 时间检查 - 当前时间: 22:53:21, 上次计算时间: 22:50:36, 间隔: 2.7分钟
[2025-08-26 22:53:21] [INFO] 距离上次计算仅2.7分钟，未达到30分钟阈值，跳过重新调度
[2025-08-26 22:53:21] [INFO] 开始计算，进程数: 12, 股票数: 5427
[2025-08-26 22:53:21] [INFO] 初始内存使用: 750.11 MB
[2025-08-26 22:53:21] [INFO] 创建新的进程池，max_workers=12
[2025-08-26 22:53:29] [INFO] 计算完成，总耗时: 7.5925秒
[2025-08-26 22:53:32] [INFO] 时间检查 - 当前时间: 22:53:32, 上次计算时间: 22:50:36, 间隔: 2.9分钟
[2025-08-26 22:53:32] [INFO] 距离上次计算仅2.9分钟，未达到30分钟阈值，跳过重新调度
[2025-08-26 22:53:32] [INFO] 开始计算，进程数: 12, 股票数: 5427
[2025-08-26 22:53:32] [INFO] 初始内存使用: 750.82 MB
[2025-08-26 22:53:32] [INFO] 创建新的进程池，max_workers=12
[2025-08-26 22:53:39] [INFO] 计算完成，总耗时: 7.0830秒
[2025-08-26 22:55:34] [INFO] 时间检查 - 当前时间: 22:55:34, 上次计算时间: 22:50:36, 间隔: 5.0分钟
[2025-08-26 22:55:34] [INFO] 距离上次计算仅5.0分钟，未达到30分钟阈值，跳过重新调度
[2025-08-26 22:55:34] [INFO] 开始计算，进程数: 12, 股票数: 5427
[2025-08-26 22:55:34] [INFO] 初始内存使用: 758.94 MB
[2025-08-26 22:55:34] [INFO] 创建新的进程池，max_workers=12
[2025-08-26 22:55:41] [INFO] 计算完成，总耗时: 7.3042秒
[2025-08-26 22:55:44] [INFO] 时间检查 - 当前时间: 22:55:44, 上次计算时间: 22:50:36, 间隔: 5.1分钟
[2025-08-26 22:55:44] [INFO] 距离上次计算仅5.1分钟，未达到30分钟阈值，跳过重新调度
[2025-08-26 22:55:44] [INFO] 开始计算，进程数: 12, 股票数: 5427
[2025-08-26 22:55:44] [INFO] 初始内存使用: 746.12 MB
[2025-08-26 22:55:44] [INFO] 创建新的进程池，max_workers=12
[2025-08-26 22:55:53] [INFO] 计算完成，总耗时: 8.1251秒
[2025-08-26 22:55:56] [INFO] 时间检查 - 当前时间: 22:55:56, 上次计算时间: 22:50:36, 间隔: 5.3分钟
[2025-08-26 22:55:56] [INFO] 距离上次计算仅5.3分钟，未达到30分钟阈值，跳过重新调度
[2025-08-26 22:55:56] [INFO] 开始计算，进程数: 12, 股票数: 5427
[2025-08-26 22:55:56] [INFO] 初始内存使用: 749.81 MB
[2025-08-26 22:55:56] [INFO] 创建新的进程池，max_workers=12
[2025-08-26 22:56:04] [INFO] 计算完成，总耗时: 7.8379秒
[2025-08-27 21:42:15] [INFO] 时间检查 - 当前时间: 21:42:15, 上次计算时间: 21:41:36, 间隔: 0.7分钟
[2025-08-27 21:42:15] [INFO] 距离上次计算仅0.7分钟，未达到30分钟阈值，跳过重新调度
[2025-08-27 21:42:15] [INFO] 开始计算，进程数: 12, 股票数: 5412
[2025-08-27 21:42:15] [INFO] 初始内存使用: 552.69 MB
[2025-08-27 21:42:15] [INFO] 创建新的进程池，max_workers=12
[2025-08-27 21:42:23] [INFO] 计算完成，总耗时: 7.3112秒
[2025-08-27 21:42:26] [INFO] 时间检查 - 当前时间: 21:42:26, 上次计算时间: 21:41:36, 间隔: 0.8分钟
[2025-08-27 21:42:26] [INFO] 距离上次计算仅0.8分钟，未达到30分钟阈值，跳过重新调度
[2025-08-27 21:42:26] [INFO] 开始计算，进程数: 12, 股票数: 5412
[2025-08-27 21:42:26] [INFO] 初始内存使用: 571.75 MB
[2025-08-27 21:42:26] [INFO] 创建新的进程池，max_workers=12
[2025-08-27 21:42:33] [INFO] 计算完成，总耗时: 7.3406秒
[2025-08-27 21:42:37] [INFO] 时间检查 - 当前时间: 21:42:37, 上次计算时间: 21:41:36, 间隔: 1.0分钟
[2025-08-27 21:42:37] [INFO] 距离上次计算仅1.0分钟，未达到30分钟阈值，跳过重新调度
[2025-08-27 21:42:37] [INFO] 开始计算，进程数: 12, 股票数: 5412
[2025-08-27 21:42:37] [INFO] 初始内存使用: 581.05 MB
[2025-08-27 21:42:37] [INFO] 创建新的进程池，max_workers=12
[2025-08-27 21:42:44] [INFO] 计算完成，总耗时: 7.3514秒
[2025-08-27 21:42:47] [INFO] 时间检查 - 当前时间: 21:42:47, 上次计算时间: 21:41:36, 间隔: 1.2分钟
[2025-08-27 21:42:47] [INFO] 距离上次计算仅1.2分钟，未达到30分钟阈值，跳过重新调度
[2025-08-27 21:42:47] [INFO] 开始计算，进程数: 12, 股票数: 5412
[2025-08-27 21:42:47] [INFO] 初始内存使用: 588.06 MB
[2025-08-27 21:42:47] [INFO] 创建新的进程池，max_workers=12
[2025-08-27 21:42:54] [INFO] 计算完成，总耗时: 6.8024秒
[2025-08-27 21:42:58] [INFO] 时间检查 - 当前时间: 21:42:58, 上次计算时间: 21:41:36, 间隔: 1.4分钟
[2025-08-27 21:42:58] [INFO] 距离上次计算仅1.4分钟，未达到30分钟阈值，跳过重新调度
[2025-08-27 21:42:58] [INFO] 开始计算，进程数: 12, 股票数: 5412
[2025-08-27 21:42:58] [INFO] 初始内存使用: 590.66 MB
[2025-08-27 21:42:58] [INFO] 创建新的进程池，max_workers=12
[2025-08-27 21:43:05] [INFO] 计算完成，总耗时: 7.2689秒
[2025-08-27 21:43:08] [INFO] 时间检查 - 当前时间: 21:43:08, 上次计算时间: 21:41:36, 间隔: 1.5分钟
[2025-08-27 21:43:08] [INFO] 距离上次计算仅1.5分钟，未达到30分钟阈值，跳过重新调度
[2025-08-27 21:43:08] [INFO] 开始计算，进程数: 12, 股票数: 5412
[2025-08-27 21:43:08] [INFO] 初始内存使用: 595.55 MB
[2025-08-27 21:43:08] [INFO] 创建新的进程池，max_workers=12
[2025-08-27 21:43:15] [INFO] 计算完成，总耗时: 7.1987秒
[2025-08-27 21:43:19] [INFO] 时间检查 - 当前时间: 21:43:19, 上次计算时间: 21:41:36, 间隔: 1.7分钟
[2025-08-27 21:43:19] [INFO] 距离上次计算仅1.7分钟，未达到30分钟阈值，跳过重新调度
[2025-08-27 21:43:19] [INFO] 开始计算，进程数: 12, 股票数: 5412
[2025-08-27 21:43:19] [INFO] 初始内存使用: 599.80 MB
[2025-08-27 21:43:19] [INFO] 创建新的进程池，max_workers=12
[2025-08-27 21:43:26] [INFO] 计算完成，总耗时: 7.1361秒
[2025-08-27 21:43:29] [INFO] 时间检查 - 当前时间: 21:43:29, 上次计算时间: 21:41:36, 间隔: 1.9分钟
[2025-08-27 21:43:29] [INFO] 距离上次计算仅1.9分钟，未达到30分钟阈值，跳过重新调度
[2025-08-27 21:43:29] [INFO] 开始计算，进程数: 12, 股票数: 5412
[2025-08-27 21:43:29] [INFO] 初始内存使用: 598.79 MB
[2025-08-27 21:43:29] [INFO] 创建新的进程池，max_workers=12
[2025-08-27 21:43:36] [INFO] 计算完成，总耗时: 6.9900秒
[2025-08-27 21:43:39] [INFO] 时间检查 - 当前时间: 21:43:39, 上次计算时间: 21:41:36, 间隔: 2.1分钟
[2025-08-27 21:43:39] [INFO] 距离上次计算仅2.1分钟，未达到30分钟阈值，跳过重新调度
[2025-08-27 21:43:40] [INFO] 开始计算，进程数: 12, 股票数: 5412
[2025-08-27 21:43:40] [INFO] 初始内存使用: 605.57 MB
[2025-08-27 21:43:40] [INFO] 创建新的进程池，max_workers=12
[2025-08-27 21:43:47] [INFO] 计算完成，总耗时: 7.4720秒
[2025-08-27 21:43:50] [INFO] 时间检查 - 当前时间: 21:43:50, 上次计算时间: 21:41:36, 间隔: 2.2分钟
[2025-08-27 21:43:50] [INFO] 距离上次计算仅2.2分钟，未达到30分钟阈值，跳过重新调度
[2025-08-27 21:43:50] [INFO] 开始计算，进程数: 12, 股票数: 5412
[2025-08-27 21:43:50] [INFO] 初始内存使用: 604.23 MB
[2025-08-27 21:43:50] [INFO] 创建新的进程池，max_workers=12
[2025-08-27 21:43:58] [INFO] 计算完成，总耗时: 7.4626秒
[2025-08-27 21:44:01] [INFO] 时间检查 - 当前时间: 21:44:01, 上次计算时间: 21:41:36, 间隔: 2.4分钟
[2025-08-27 21:44:01] [INFO] 距离上次计算仅2.4分钟，未达到30分钟阈值，跳过重新调度
[2025-08-27 21:44:01] [INFO] 开始计算，进程数: 12, 股票数: 5412
[2025-08-27 21:44:01] [INFO] 初始内存使用: 611.14 MB
[2025-08-27 21:44:01] [INFO] 创建新的进程池，max_workers=12
[2025-08-27 21:44:09] [INFO] 计算完成，总耗时: 7.4031秒
[2025-08-27 21:44:12] [INFO] 时间检查 - 当前时间: 21:44:12, 上次计算时间: 21:41:36, 间隔: 2.6分钟
[2025-08-27 21:44:12] [INFO] 距离上次计算仅2.6分钟，未达到30分钟阈值，跳过重新调度
[2025-08-27 21:44:12] [INFO] 开始计算，进程数: 12, 股票数: 5412
[2025-08-27 21:44:12] [INFO] 初始内存使用: 611.74 MB
[2025-08-27 21:44:12] [INFO] 创建新的进程池，max_workers=12
[2025-08-27 21:44:19] [INFO] 计算完成，总耗时: 6.9483秒
[2025-08-27 21:53:35] [INFO] 时间检查 - 当前时间: 21:53:35, 上次计算时间: 21:51:55, 间隔: 1.7分钟
[2025-08-27 21:53:35] [INFO] 距离上次计算仅1.7分钟，未达到30分钟阈值，跳过重新调度
[2025-08-27 21:53:35] [INFO] 开始计算，进程数: 12, 股票数: 5412
[2025-08-27 21:53:35] [INFO] 初始内存使用: 552.86 MB
[2025-08-27 21:53:35] [INFO] 创建新的进程池，max_workers=12
[2025-08-27 21:53:42] [INFO] 计算完成，总耗时: 7.0082秒
[2025-08-27 22:00:57] [INFO] 时间检查 - 当前时间: 22:00:57, 上次计算时间: 22:00:39, 间隔: 0.3分钟
[2025-08-27 22:00:57] [INFO] 距离上次计算仅0.3分钟，未达到30分钟阈值，跳过重新调度
[2025-08-27 22:00:57] [INFO] 开始计算，进程数: 12, 股票数: 5412
[2025-08-27 22:00:57] [INFO] 初始内存使用: 553.40 MB
[2025-08-27 22:00:57] [INFO] 创建新的进程池，max_workers=12
[2025-08-27 22:01:05] [INFO] 计算完成，总耗时: 7.0417秒
[2025-08-27 22:01:46] [INFO] 时间检查 - 当前时间: 22:01:46, 上次计算时间: 22:00:39, 间隔: 1.1分钟
[2025-08-27 22:01:46] [INFO] 距离上次计算仅1.1分钟，未达到30分钟阈值，跳过重新调度
[2025-08-27 22:01:46] [INFO] 开始计算，进程数: 12, 股票数: 5412
[2025-08-27 22:01:46] [INFO] 初始内存使用: 588.91 MB
[2025-08-27 22:01:46] [INFO] 创建新的进程池，max_workers=12
[2025-08-27 22:01:53] [INFO] 计算完成，总耗时: 7.0931秒
[2025-08-27 22:02:20] [INFO] 时间检查 - 当前时间: 22:02:20, 上次计算时间: 22:00:39, 间隔: 1.7分钟
[2025-08-27 22:02:20] [INFO] 距离上次计算仅1.7分钟，未达到30分钟阈值，跳过重新调度
[2025-08-27 22:02:20] [INFO] 开始计算，进程数: 12, 股票数: 5412
[2025-08-27 22:02:20] [INFO] 初始内存使用: 596.16 MB
[2025-08-27 22:02:20] [INFO] 创建新的进程池，max_workers=12
[2025-08-27 22:02:27] [INFO] 计算完成，总耗时: 6.9949秒
[2025-08-27 22:12:13] [INFO] 时间检查 - 当前时间: 22:12:13, 上次计算时间: 22:11:41, 间隔: 0.5分钟
[2025-08-27 22:12:13] [INFO] 距离上次计算仅0.5分钟，未达到30分钟阈值，跳过重新调度
[2025-08-27 22:12:13] [INFO] 开始计算，进程数: 12, 股票数: 5412
[2025-08-27 22:12:13] [INFO] 初始内存使用: 563.97 MB
[2025-08-27 22:12:13] [INFO] 创建新的进程池，max_workers=12
[2025-08-27 22:12:20] [INFO] 计算完成，总耗时: 6.8243秒
[2025-08-27 22:12:37] [INFO] 时间检查 - 当前时间: 22:12:37, 上次计算时间: 22:11:41, 间隔: 0.9分钟
[2025-08-27 22:12:37] [INFO] 距离上次计算仅0.9分钟，未达到30分钟阈值，跳过重新调度
[2025-08-27 22:12:37] [INFO] 开始计算，进程数: 12, 股票数: 5412
[2025-08-27 22:12:37] [INFO] 初始内存使用: 592.29 MB
[2025-08-27 22:12:37] [INFO] 创建新的进程池，max_workers=12
[2025-08-27 22:12:43] [INFO] 计算完成，总耗时: 6.8579秒
[2025-08-28 22:25:43] [INFO] 时间检查 - 当前时间: 22:25:43, 上次计算时间: 22:25:19, 间隔: 0.4分钟
[2025-08-28 22:25:43] [INFO] 距离上次计算仅0.4分钟，未达到30分钟阈值，跳过重新调度
[2025-08-28 22:25:43] [INFO] 开始计算，进程数: 12, 股票数: 5412
[2025-08-28 22:25:43] [INFO] 初始内存使用: 550.07 MB
[2025-08-28 22:25:43] [INFO] 创建新的进程池，max_workers=12
[2025-08-28 22:25:50] [INFO] 计算完成，总耗时: 7.1321秒
[2025-08-28 22:26:03] [INFO] 时间检查 - 当前时间: 22:26:03, 上次计算时间: 22:25:19, 间隔: 0.7分钟
[2025-08-28 22:26:03] [INFO] 距离上次计算仅0.7分钟，未达到30分钟阈值，跳过重新调度
[2025-08-28 22:26:03] [INFO] 开始计算，进程数: 12, 股票数: 5412
[2025-08-28 22:26:03] [INFO] 初始内存使用: 584.54 MB
[2025-08-28 22:26:03] [INFO] 创建新的进程池，max_workers=12
[2025-08-28 22:26:10] [INFO] 计算完成，总耗时: 6.9045秒
[2025-08-28 22:32:04] [INFO] 时间检查 - 当前时间: 22:32:04, 上次计算时间: 22:31:43, 间隔: 0.3分钟
[2025-08-28 22:32:04] [INFO] 距离上次计算仅0.3分钟，未达到30分钟阈值，跳过重新调度
[2025-08-28 22:32:04] [INFO] 开始计算，进程数: 12, 股票数: 5412
[2025-08-28 22:32:04] [INFO] 初始内存使用: 550.61 MB
[2025-08-28 22:32:04] [INFO] 创建新的进程池，max_workers=12
[2025-08-28 22:32:11] [INFO] 计算完成，总耗时: 6.9187秒
[2025-08-28 22:41:16] [INFO] 时间检查 - 当前时间: 22:41:16, 上次计算时间: 22:40:41, 间隔: 0.6分钟
[2025-08-28 22:41:16] [INFO] 距离上次计算仅0.6分钟，未达到30分钟阈值，跳过重新调度
[2025-08-28 22:41:16] [INFO] 开始计算，进程数: 12, 股票数: 5412
[2025-08-28 22:41:16] [INFO] 初始内存使用: 550.79 MB
[2025-08-28 22:41:16] [INFO] 创建新的进程池，max_workers=12
[2025-08-28 22:41:23] [INFO] 计算完成，总耗时: 6.9963秒
[2025-08-28 22:42:00] [INFO] 时间检查 - 当前时间: 22:42:00, 上次计算时间: 22:40:41, 间隔: 1.3分钟
[2025-08-28 22:42:00] [INFO] 距离上次计算仅1.3分钟，未达到30分钟阈值，跳过重新调度
[2025-08-28 22:42:00] [INFO] 开始计算，进程数: 12, 股票数: 5412
[2025-08-28 22:42:00] [INFO] 初始内存使用: 580.30 MB
[2025-08-28 22:42:00] [INFO] 创建新的进程池，max_workers=12
[2025-08-28 22:42:07] [INFO] 计算完成，总耗时: 7.0269秒
[2025-08-28 22:45:23] [INFO] 时间检查 - 当前时间: 22:45:23, 上次计算时间: 22:44:15, 间隔: 1.1分钟
[2025-08-28 22:45:23] [INFO] 距离上次计算仅1.1分钟，未达到30分钟阈值，跳过重新调度
[2025-08-28 22:45:23] [INFO] 开始计算，进程数: 12, 股票数: 5412
[2025-08-28 22:45:23] [INFO] 初始内存使用: 550.94 MB
[2025-08-28 22:45:23] [INFO] 创建新的进程池，max_workers=12
[2025-08-28 22:45:30] [INFO] 计算完成，总耗时: 6.8443秒
[2025-08-28 22:48:02] [INFO] 时间检查 - 当前时间: 22:48:02, 上次计算时间: 22:47:40, 间隔: 0.4分钟
[2025-08-28 22:48:02] [INFO] 距离上次计算仅0.4分钟，未达到30分钟阈值，跳过重新调度
[2025-08-28 22:48:02] [INFO] 开始计算，进程数: 12, 股票数: 5412
[2025-08-28 22:48:02] [INFO] 初始内存使用: 551.11 MB
[2025-08-28 22:48:02] [INFO] 创建新的进程池，max_workers=12
[2025-08-28 22:48:09] [INFO] 计算完成，总耗时: 6.9986秒
[2025-08-28 22:50:10] [INFO] 时间检查 - 当前时间: 22:50:10, 上次计算时间: 22:48:51, 间隔: 1.3分钟
[2025-08-28 22:50:10] [INFO] 距离上次计算仅1.3分钟，未达到30分钟阈值，跳过重新调度
[2025-08-28 22:50:10] [INFO] 开始计算，进程数: 12, 股票数: 5412
[2025-08-28 22:50:10] [INFO] 初始内存使用: 550.00 MB
[2025-08-28 22:50:10] [INFO] 创建新的进程池，max_workers=12
[2025-08-28 22:50:17] [INFO] 计算完成，总耗时: 6.9616秒
[2025-08-28 23:03:15] [INFO] 时间检查 - 当前时间: 23:03:15, 上次计算时间: 23:02:40, 间隔: 0.6分钟
[2025-08-28 23:03:15] [INFO] 距离上次计算仅0.6分钟，未达到30分钟阈值，跳过重新调度
[2025-08-28 23:03:15] [INFO] 开始计算，进程数: 12, 股票数: 5412
[2025-08-28 23:03:15] [INFO] 初始内存使用: 550.70 MB
[2025-08-28 23:03:15] [INFO] 创建新的进程池，max_workers=12
[2025-08-28 23:03:22] [INFO] 计算完成，总耗时: 6.8952秒
[2025-08-28 23:03:31] [INFO] 时间检查 - 当前时间: 23:03:31, 上次计算时间: 23:02:40, 间隔: 0.8分钟
[2025-08-28 23:03:31] [INFO] 距离上次计算仅0.8分钟，未达到30分钟阈值，跳过重新调度
[2025-08-28 23:03:31] [INFO] 开始计算，进程数: 12, 股票数: 5412
[2025-08-28 23:03:31] [INFO] 初始内存使用: 580.04 MB
[2025-08-28 23:03:31] [INFO] 创建新的进程池，max_workers=12
[2025-08-28 23:03:38] [INFO] 计算完成，总耗时: 6.9144秒
[2025-08-28 23:03:52] [INFO] 时间检查 - 当前时间: 23:03:52, 上次计算时间: 23:02:40, 间隔: 1.2分钟
[2025-08-28 23:03:52] [INFO] 距离上次计算仅1.2分钟，未达到30分钟阈值，跳过重新调度
[2025-08-28 23:03:52] [INFO] 开始计算，进程数: 12, 股票数: 5412
[2025-08-28 23:03:52] [INFO] 初始内存使用: 582.35 MB
[2025-08-28 23:03:52] [INFO] 创建新的进程池，max_workers=12
[2025-08-28 23:03:59] [INFO] 计算完成，总耗时: 6.8902秒
[2025-08-29 13:18:41] [INFO] 时间检查 - 当前时间: 13:18:41, 上次计算时间: 13:18:26, 间隔: 0.3分钟
[2025-08-29 13:18:41] [INFO] 距离上次计算仅0.3分钟，未达到30分钟阈值，跳过重新调度
[2025-08-29 13:18:41] [INFO] 开始计算，进程数: 12, 股票数: 5412
[2025-08-29 13:18:41] [INFO] 初始内存使用: 539.46 MB
[2025-08-29 13:18:41] [INFO] 创建新的进程池，max_workers=12
[2025-08-29 13:18:48] [INFO] 计算完成，总耗时: 7.0690秒
[2025-08-29 13:19:29] [INFO] 时间检查 - 当前时间: 13:19:29, 上次计算时间: 13:18:26, 间隔: 1.1分钟
[2025-08-29 13:19:29] [INFO] 距离上次计算仅1.1分钟，未达到30分钟阈值，跳过重新调度
[2025-08-29 13:19:29] [INFO] 开始计算，进程数: 12, 股票数: 5412
[2025-08-29 13:19:29] [INFO] 初始内存使用: 586.79 MB
[2025-08-29 13:19:29] [INFO] 创建新的进程池，max_workers=12
[2025-08-29 13:19:36] [INFO] 计算完成，总耗时: 6.7564秒
[2025-08-29 13:29:35] [INFO] 时间检查 - 当前时间: 13:29:35, 上次计算时间: 13:29:12, 间隔: 0.4分钟
[2025-08-29 13:29:35] [INFO] 距离上次计算仅0.4分钟，未达到30分钟阈值，跳过重新调度
[2025-08-29 13:29:35] [INFO] 开始计算，进程数: 12, 股票数: 5412
[2025-08-29 13:29:35] [INFO] 初始内存使用: 543.50 MB
[2025-08-29 13:29:35] [INFO] 创建新的进程池，max_workers=12
[2025-08-29 13:29:42] [INFO] 计算完成，总耗时: 6.9990秒
[2025-08-29 18:47:27] [INFO] 时间检查 - 当前时间: 18:47:27, 上次计算时间: 13:29:12, 间隔: 318.2分钟
[2025-08-29 18:47:27] [INFO] 距离上次计算已超过318.2分钟，触发主进程重新调度（30分钟阈值）
[2025-08-29 18:47:27] [INFO] [ProcessPoolManager] 主进程优先级已更新为HIGH_PRIORITY_CLASS (PID: 27996)
[2025-08-29 18:47:27] [INFO] 主进程优先级已更新
[2025-08-29 18:47:27] [INFO] 已更新时间戳，下次检查基准时间: 18:47:27
[2025-08-29 18:47:27] [INFO] 开始计算，进程数: 12, 股票数: 5412
[2025-08-29 18:47:27] [INFO] 初始内存使用: 492.10 MB
[2025-08-29 18:47:27] [INFO] 创建新的进程池，max_workers=12
[2025-08-29 18:47:34] [INFO] 计算完成，总耗时: 7.1660秒
[2025-08-29 23:02:24] [INFO] 时间检查 - 当前时间: 23:02:24, 上次计算时间: 23:01:58, 间隔: 0.4分钟
[2025-08-29 23:02:24] [INFO] 距离上次计算仅0.4分钟，未达到30分钟阈值，跳过重新调度
[2025-08-29 23:02:24] [INFO] 开始计算，进程数: 12, 股票数: 5412
[2025-08-29 23:02:24] [INFO] 初始内存使用: 551.84 MB
[2025-08-29 23:02:24] [INFO] 创建新的进程池，max_workers=12
[2025-08-29 23:02:31] [INFO] 计算完成，总耗时: 6.7552秒
[2025-08-30 22:52:53] [INFO] 时间检查 - 当前时间: 22:52:53, 上次计算时间: 22:52:10, 间隔: 0.7分钟
[2025-08-30 22:52:53] [INFO] 距离上次计算仅0.7分钟，未达到30分钟阈值，跳过重新调度
[2025-08-30 22:52:53] [INFO] 开始计算，进程数: 12, 股票数: 5412
[2025-08-30 22:52:53] [INFO] 初始内存使用: 550.96 MB
[2025-08-30 22:52:53] [INFO] 创建新的进程池，max_workers=12
[2025-08-30 22:53:13] [INFO] 计算完成，总耗时: 20.4784秒
[2025-08-30 23:04:38] [INFO] 时间检查 - 当前时间: 23:04:38, 上次计算时间: 23:01:34, 间隔: 3.1分钟
[2025-08-30 23:04:38] [INFO] 距离上次计算仅3.1分钟，未达到30分钟阈值，跳过重新调度
[2025-08-30 23:04:39] [INFO] 开始计算，进程数: 1, 股票数: 5427
[2025-08-30 23:04:39] [INFO] 初始内存使用: 891.03 MB
[2025-08-30 23:04:39] [INFO] 创建新的进程池，max_workers=1
[2025-08-30 23:04:40] [INFO] 计算完成，总耗时: 1.3028秒
[2025-08-31 09:25:14] [INFO] 时间检查 - 当前时间: 09:25:14, 上次计算时间: 09:24:52, 间隔: 0.4分钟
[2025-08-31 09:25:14] [INFO] 距离上次计算仅0.4分钟，未达到30分钟阈值，跳过重新调度
[2025-08-31 09:25:14] [INFO] 开始计算，进程数: 12, 股票数: 5412
[2025-08-31 09:25:14] [INFO] 初始内存使用: 550.40 MB
[2025-08-31 09:25:14] [INFO] 创建新的进程池，max_workers=12
[2025-08-31 09:25:17] [INFO] 计算完成，总耗时: 3.0957秒
[2025-08-31 11:37:06] [INFO] 时间检查 - 当前时间: 11:37:06, 上次计算时间: 11:35:56, 间隔: 1.2分钟
[2025-08-31 11:37:06] [INFO] 距离上次计算仅1.2分钟，未达到30分钟阈值，跳过重新调度
[2025-08-31 11:37:06] [INFO] 开始计算，进程数: 12, 股票数: 5412
[2025-08-31 11:37:06] [INFO] 初始内存使用: 773.61 MB
[2025-08-31 11:37:06] [INFO] 创建新的进程池，max_workers=12
[2025-08-31 11:37:27] [INFO] 计算完成，总耗时: 21.2677秒
[2025-08-31 11:37:31] [INFO] 时间检查 - 当前时间: 11:37:31, 上次计算时间: 11:35:56, 间隔: 1.6分钟
[2025-08-31 11:37:31] [INFO] 距离上次计算仅1.6分钟，未达到30分钟阈值，跳过重新调度
[2025-08-31 11:37:31] [INFO] 开始计算，进程数: 12, 股票数: 5412
[2025-08-31 11:37:31] [INFO] 初始内存使用: 886.50 MB
[2025-08-31 11:37:31] [INFO] 创建新的进程池，max_workers=12
[2025-08-31 11:37:52] [INFO] 计算完成，总耗时: 21.2004秒
[2025-08-31 11:37:57] [INFO] 时间检查 - 当前时间: 11:37:57, 上次计算时间: 11:35:56, 间隔: 2.0分钟
[2025-08-31 11:37:57] [INFO] 距离上次计算仅2.0分钟，未达到30分钟阈值，跳过重新调度
[2025-08-31 11:37:57] [INFO] 开始计算，进程数: 12, 股票数: 5412
[2025-08-31 11:37:57] [INFO] 初始内存使用: 913.18 MB
[2025-08-31 11:37:57] [INFO] 创建新的进程池，max_workers=12
[2025-08-31 11:38:18] [INFO] 计算完成，总耗时: 21.2910秒
[2025-08-31 11:38:23] [INFO] 时间检查 - 当前时间: 11:38:23, 上次计算时间: 11:35:56, 间隔: 2.4分钟
[2025-08-31 11:38:23] [INFO] 距离上次计算仅2.4分钟，未达到30分钟阈值，跳过重新调度
[2025-08-31 11:38:23] [INFO] 开始计算，进程数: 12, 股票数: 5412
[2025-08-31 11:38:23] [INFO] 初始内存使用: 926.30 MB
[2025-08-31 11:38:23] [INFO] 创建新的进程池，max_workers=12
[2025-08-31 11:38:43] [INFO] 计算完成，总耗时: 20.6379秒
[2025-08-31 11:38:47] [INFO] 时间检查 - 当前时间: 11:38:47, 上次计算时间: 11:35:56, 间隔: 2.9分钟
[2025-08-31 11:38:47] [INFO] 距离上次计算仅2.9分钟，未达到30分钟阈值，跳过重新调度
[2025-08-31 11:38:48] [INFO] 开始计算，进程数: 12, 股票数: 5412
[2025-08-31 11:38:48] [INFO] 初始内存使用: 841.21 MB
[2025-08-31 11:38:48] [INFO] 创建新的进程池，max_workers=12
[2025-08-31 11:39:09] [INFO] 计算完成，总耗时: 21.1513秒
[2025-08-31 11:58:28] [INFO] 时间检查 - 当前时间: 11:58:28, 上次计算时间: 11:35:56, 间隔: 22.5分钟
[2025-08-31 11:58:28] [INFO] 距离上次计算仅22.5分钟，未达到30分钟阈值，跳过重新调度
[2025-08-31 11:58:28] [INFO] 开始计算，进程数: 12, 股票数: 5412
[2025-08-31 11:58:28] [INFO] 初始内存使用: 851.81 MB
[2025-08-31 11:58:28] [INFO] 创建新的进程池，max_workers=12
[2025-08-31 11:58:49] [INFO] 计算完成，总耗时: 20.9448秒
[2025-08-31 11:58:53] [INFO] 时间检查 - 当前时间: 11:58:53, 上次计算时间: 11:35:56, 间隔: 22.9分钟
[2025-08-31 11:58:53] [INFO] 距离上次计算仅22.9分钟，未达到30分钟阈值，跳过重新调度
[2025-08-31 11:58:53] [INFO] 开始计算，进程数: 12, 股票数: 5412
[2025-08-31 11:58:53] [INFO] 初始内存使用: 854.11 MB
[2025-08-31 11:58:53] [INFO] 创建新的进程池，max_workers=12
[2025-08-31 11:59:14] [INFO] 计算完成，总耗时: 20.6853秒
[2025-08-31 11:59:18] [INFO] 时间检查 - 当前时间: 11:59:18, 上次计算时间: 11:35:56, 间隔: 23.4分钟
[2025-08-31 11:59:18] [INFO] 距离上次计算仅23.4分钟，未达到30分钟阈值，跳过重新调度
[2025-08-31 11:59:18] [INFO] 开始计算，进程数: 12, 股票数: 5412
[2025-08-31 11:59:18] [INFO] 初始内存使用: 858.09 MB
[2025-08-31 11:59:18] [INFO] 创建新的进程池，max_workers=12
[2025-08-31 11:59:38] [INFO] 计算完成，总耗时: 20.0006秒
[2025-08-31 11:59:43] [INFO] 时间检查 - 当前时间: 11:59:43, 上次计算时间: 11:35:56, 间隔: 23.8分钟
[2025-08-31 11:59:43] [INFO] 距离上次计算仅23.8分钟，未达到30分钟阈值，跳过重新调度
[2025-08-31 11:59:43] [INFO] 开始计算，进程数: 12, 股票数: 5412
[2025-08-31 11:59:43] [INFO] 初始内存使用: 864.55 MB
[2025-08-31 11:59:43] [INFO] 创建新的进程池，max_workers=12
[2025-08-31 12:00:03] [INFO] 计算完成，总耗时: 20.1123秒
[2025-08-31 12:00:07] [INFO] 时间检查 - 当前时间: 12:00:07, 上次计算时间: 11:35:56, 间隔: 24.2分钟
[2025-08-31 12:00:07] [INFO] 距离上次计算仅24.2分钟，未达到30分钟阈值，跳过重新调度
[2025-08-31 12:00:07] [INFO] 开始计算，进程数: 12, 股票数: 5412
[2025-08-31 12:00:07] [INFO] 初始内存使用: 870.41 MB
[2025-08-31 12:00:07] [INFO] 创建新的进程池，max_workers=12
[2025-08-31 12:00:27] [INFO] 计算完成，总耗时: 19.6265秒
[2025-08-31 12:00:48] [INFO] 时间检查 - 当前时间: 12:00:48, 上次计算时间: 11:35:56, 间隔: 24.9分钟
[2025-08-31 12:00:48] [INFO] 距离上次计算仅24.9分钟，未达到30分钟阈值，跳过重新调度
[2025-08-31 12:00:48] [INFO] 开始计算，进程数: 12, 股票数: 5412
[2025-08-31 12:00:48] [INFO] 初始内存使用: 857.56 MB
[2025-08-31 12:00:48] [INFO] 创建新的进程池，max_workers=12
[2025-08-31 12:01:08] [INFO] 计算完成，总耗时: 20.4289秒
[2025-08-31 12:01:30] [INFO] 时间检查 - 当前时间: 12:01:30, 上次计算时间: 11:35:56, 间隔: 25.6分钟
[2025-08-31 12:01:30] [INFO] 距离上次计算仅25.6分钟，未达到30分钟阈值，跳过重新调度
[2025-08-31 12:01:31] [INFO] 开始计算，进程数: 12, 股票数: 5412
[2025-08-31 12:01:31] [INFO] 初始内存使用: 859.71 MB
[2025-08-31 12:01:31] [INFO] 创建新的进程池，max_workers=12
[2025-08-31 12:01:52] [INFO] 计算完成，总耗时: 21.1744秒
[2025-08-31 12:25:33] [INFO] 时间检查 - 当前时间: 12:25:33, 上次计算时间: 12:24:58, 间隔: 0.6分钟
[2025-08-31 12:25:33] [INFO] 距离上次计算仅0.6分钟，未达到30分钟阈值，跳过重新调度
[2025-08-31 12:25:33] [INFO] 开始计算，进程数: 12, 股票数: 5412
[2025-08-31 12:25:33] [INFO] 初始内存使用: 599.79 MB
[2025-08-31 12:25:33] [INFO] 创建新的进程池，max_workers=12
[2025-08-31 12:25:54] [INFO] 计算完成，总耗时: 20.5859秒
[2025-08-31 12:26:06] [INFO] 时间检查 - 当前时间: 12:26:06, 上次计算时间: 12:24:58, 间隔: 1.1分钟
[2025-08-31 12:26:06] [INFO] 距离上次计算仅1.1分钟，未达到30分钟阈值，跳过重新调度
[2025-08-31 12:26:06] [INFO] 开始计算，进程数: 12, 股票数: 5412
[2025-08-31 12:26:06] [INFO] 初始内存使用: 680.64 MB
[2025-08-31 12:26:06] [INFO] 创建新的进程池，max_workers=12
[2025-08-31 12:26:26] [INFO] 计算完成，总耗时: 20.4752秒
[2025-08-31 12:31:12] [INFO] 时间检查 - 当前时间: 12:31:12, 上次计算时间: 12:30:47, 间隔: 0.4分钟
[2025-08-31 12:31:12] [INFO] 距离上次计算仅0.4分钟，未达到30分钟阈值，跳过重新调度
[2025-08-31 12:31:12] [INFO] 开始计算，进程数: 12, 股票数: 5412
[2025-08-31 12:31:12] [INFO] 初始内存使用: 570.41 MB
[2025-08-31 12:31:12] [INFO] 创建新的进程池，max_workers=12
[2025-08-31 12:31:33] [INFO] 计算完成，总耗时: 20.7092秒
[2025-08-31 12:31:37] [INFO] 时间检查 - 当前时间: 12:31:37, 上次计算时间: 12:30:47, 间隔: 0.8分钟
[2025-08-31 12:31:37] [INFO] 距离上次计算仅0.8分钟，未达到30分钟阈值，跳过重新调度
[2025-08-31 12:31:37] [INFO] 开始计算，进程数: 12, 股票数: 5412
[2025-08-31 12:31:37] [INFO] 初始内存使用: 677.55 MB
[2025-08-31 12:31:37] [INFO] 创建新的进程池，max_workers=12
[2025-08-31 12:31:57] [INFO] 计算完成，总耗时: 20.3203秒
[2025-08-31 12:32:02] [INFO] 时间检查 - 当前时间: 12:32:02, 上次计算时间: 12:30:47, 间隔: 1.2分钟
[2025-08-31 12:32:02] [INFO] 距离上次计算仅1.2分钟，未达到30分钟阈值，跳过重新调度
[2025-08-31 12:32:02] [INFO] 开始计算，进程数: 12, 股票数: 5412
[2025-08-31 12:32:02] [INFO] 初始内存使用: 702.00 MB
[2025-08-31 12:32:02] [INFO] 创建新的进程池，max_workers=12
[2025-08-31 12:32:22] [INFO] 计算完成，总耗时: 19.9826秒
[2025-08-31 12:34:30] [INFO] 时间检查 - 当前时间: 12:34:30, 上次计算时间: 12:34:14, 间隔: 0.3分钟
[2025-08-31 12:34:30] [INFO] 距离上次计算仅0.3分钟，未达到30分钟阈值，跳过重新调度
[2025-08-31 12:34:30] [INFO] 开始计算，进程数: 12, 股票数: 5412
[2025-08-31 12:34:30] [INFO] 初始内存使用: 606.85 MB
[2025-08-31 12:34:30] [INFO] 创建新的进程池，max_workers=12
[2025-08-31 12:34:51] [INFO] 计算完成，总耗时: 21.3282秒
[2025-08-31 12:34:56] [INFO] 时间检查 - 当前时间: 12:34:56, 上次计算时间: 12:34:14, 间隔: 0.7分钟
[2025-08-31 12:34:56] [INFO] 距离上次计算仅0.7分钟，未达到30分钟阈值，跳过重新调度
[2025-08-31 12:34:56] [INFO] 开始计算，进程数: 12, 股票数: 5412
[2025-08-31 12:34:56] [INFO] 初始内存使用: 710.17 MB
[2025-08-31 12:34:56] [INFO] 创建新的进程池，max_workers=12
[2025-08-31 12:35:20] [INFO] 计算完成，总耗时: 23.8666秒
[2025-08-31 12:41:49] [INFO] 时间检查 - 当前时间: 12:41:49, 上次计算时间: 12:41:19, 间隔: 0.5分钟
[2025-08-31 12:41:49] [INFO] 距离上次计算仅0.5分钟，未达到30分钟阈值，跳过重新调度
[2025-08-31 12:41:49] [INFO] 开始计算，进程数: 12, 股票数: 5412
[2025-08-31 12:41:49] [INFO] 初始内存使用: 611.32 MB
[2025-08-31 12:41:49] [INFO] 创建新的进程池，max_workers=12
[2025-08-31 12:42:10] [INFO] 计算完成，总耗时: 20.7465秒
[2025-08-31 12:42:15] [INFO] 时间检查 - 当前时间: 12:42:15, 上次计算时间: 12:41:19, 间隔: 0.9分钟
[2025-08-31 12:42:15] [INFO] 距离上次计算仅0.9分钟，未达到30分钟阈值，跳过重新调度
[2025-08-31 12:42:15] [INFO] 开始计算，进程数: 12, 股票数: 5412
[2025-08-31 12:42:15] [INFO] 初始内存使用: 713.66 MB
[2025-08-31 12:42:15] [INFO] 创建新的进程池，max_workers=12
[2025-08-31 12:42:36] [INFO] 计算完成，总耗时: 21.0048秒
[2025-08-31 12:42:40] [INFO] 时间检查 - 当前时间: 12:42:40, 上次计算时间: 12:41:19, 间隔: 1.3分钟
[2025-08-31 12:42:40] [INFO] 距离上次计算仅1.3分钟，未达到30分钟阈值，跳过重新调度
[2025-08-31 12:42:40] [INFO] 开始计算，进程数: 12, 股票数: 5412
[2025-08-31 12:42:40] [INFO] 初始内存使用: 733.82 MB
[2025-08-31 12:42:40] [INFO] 创建新的进程池，max_workers=12
[2025-08-31 12:43:01] [INFO] 计算完成，总耗时: 21.2658秒
