2025-08-18 01:28:44 - 子进程 16132: 开始初始化
子进程 16132: 成功预导入numpy和pandas
子进程 16132: 成功预导入worker_threads_cy
子进程 16132: worker_threads_cy.calculate_batch_cy 函数可用
2025-08-18 01:28:44 - 子进程 16132: 初始化完成
--------------------------------------------------
2025-08-18 01:28:44 - 子进程 22932: 开始初始化
子进程 22932: 成功预导入numpy和pandas
子进程 22932: 成功预导入worker_threads_cy
子进程 22932: worker_threads_cy.calculate_batch_cy 函数可用
2025-08-18 01:28:44 - 子进程 22932: 初始化完成
--------------------------------------------------
2025-08-18 01:28:45 - 子进程 13020: 开始初始化
子进程 13020: 成功预导入numpy和pandas
子进程 13020: 成功预导入worker_threads_cy
子进程 13020: worker_threads_cy.calculate_batch_cy 函数可用
2025-08-18 01:28:45 - 子进程 13020: 初始化完成
--------------------------------------------------
2025-08-18 01:28:45 - 子进程 1680: 开始初始化
子进程 1680: 成功预导入numpy和pandas
子进程 1680: 成功预导入worker_threads_cy
子进程 1680: worker_threads_cy.calculate_batch_cy 函数可用
2025-08-18 01:28:45 - 子进程 1680: 初始化完成
--------------------------------------------------
2025-08-18 01:28:45 - 子进程 17928: 开始初始化
子进程 17928: 成功预导入numpy和pandas
子进程 17928: 成功预导入worker_threads_cy
子进程 17928: worker_threads_cy.calculate_batch_cy 函数可用
2025-08-18 01:28:45 - 子进程 17928: 初始化完成
--------------------------------------------------
2025-08-18 01:28:45 - 子进程 10540: 开始初始化
子进程 10540: 成功预导入numpy和pandas
子进程 10540: 成功预导入worker_threads_cy
子进程 10540: worker_threads_cy.calculate_batch_cy 函数可用
2025-08-18 01:28:45 - 子进程 10540: 初始化完成
--------------------------------------------------
2025-08-18 01:28:45 - 子进程 1208: 开始初始化
子进程 1208: 成功预导入numpy和pandas
子进程 1208: 成功预导入worker_threads_cy
子进程 1208: worker_threads_cy.calculate_batch_cy 函数可用
2025-08-18 01:28:45 - 子进程 1208: 初始化完成
--------------------------------------------------
2025-08-18 01:28:45 - 子进程 19236: 开始初始化
子进程 19236: 成功预导入numpy和pandas
子进程 19236: 成功预导入worker_threads_cy
子进程 19236: worker_threads_cy.calculate_batch_cy 函数可用
2025-08-18 01:28:45 - 子进程 19236: 初始化完成
--------------------------------------------------
2025-08-18 01:28:46 - 子进程 3944: 开始初始化
子进程 3944: 成功预导入numpy和pandas
子进程 3944: 成功预导入worker_threads_cy
子进程 3944: worker_threads_cy.calculate_batch_cy 函数可用
2025-08-18 01:28:46 - 子进程 3944: 初始化完成
--------------------------------------------------
2025-08-18 01:28:46 - 子进程 17460: 开始初始化
子进程 17460: 成功预导入numpy和pandas
子进程 17460: 成功预导入worker_threads_cy
子进程 17460: worker_threads_cy.calculate_batch_cy 函数可用
2025-08-18 01:28:46 - 子进程 17460: 初始化完成
--------------------------------------------------
2025-08-18 01:28:46 - 子进程 4736: 开始初始化
子进程 4736: 成功预导入numpy和pandas
子进程 4736: 成功预导入worker_threads_cy
子进程 4736: worker_threads_cy.calculate_batch_cy 函数可用
2025-08-18 01:28:46 - 子进程 4736: 初始化完成
--------------------------------------------------
2025-08-18 01:28:46 - 子进程 8260: 开始初始化
子进程 8260: 成功预导入numpy和pandas
子进程 8260: 成功预导入worker_threads_cy
子进程 8260: worker_threads_cy.calculate_batch_cy 函数可用
2025-08-18 01:28:46 - 子进程 8260: 初始化完成
--------------------------------------------------
2025-08-18 01:28:46 - 子进程 22736: 开始初始化
子进程 22736: 成功预导入numpy和pandas
子进程 22736: 成功预导入worker_threads_cy
子进程 22736: worker_threads_cy.calculate_batch_cy 函数可用
2025-08-18 01:28:46 - 子进程 22736: 初始化完成
--------------------------------------------------
2025-08-18 01:28:46 - 子进程 5576: 开始初始化
子进程 5576: 成功预导入numpy和pandas
子进程 5576: 成功预导入worker_threads_cy
子进程 5576: worker_threads_cy.calculate_batch_cy 函数可用
2025-08-18 01:28:46 - 子进程 5576: 初始化完成
--------------------------------------------------
2025-08-18 01:28:46 - 子进程 5864: 开始初始化
子进程 5864: 成功预导入numpy和pandas
子进程 5864: 成功预导入worker_threads_cy
子进程 5864: worker_threads_cy.calculate_batch_cy 函数可用
2025-08-18 01:28:46 - 子进程 5864: 初始化完成
--------------------------------------------------
2025-08-18 01:28:47 - 子进程 14632: 开始初始化
子进程 14632: 成功预导入numpy和pandas
子进程 14632: 成功预导入worker_threads_cy
子进程 14632: worker_threads_cy.calculate_batch_cy 函数可用
2025-08-18 01:28:47 - 子进程 14632: 初始化完成
--------------------------------------------------
2025-08-18 01:39:08 - 子进程 16796: 开始初始化
子进程 16796: 成功预导入numpy和pandas
子进程 16796: 成功预导入worker_threads_cy
子进程 16796: worker_threads_cy.calculate_batch_cy 函数可用
2025-08-18 01:39:08 - 子进程 16796: 初始化完成
--------------------------------------------------
2025-08-18 01:39:08 - 子进程 17544: 开始初始化
子进程 17544: 成功预导入numpy和pandas
子进程 17544: 成功预导入worker_threads_cy
子进程 17544: worker_threads_cy.calculate_batch_cy 函数可用
2025-08-18 01:39:08 - 子进程 17544: 初始化完成
--------------------------------------------------
2025-08-18 01:39:08 - 子进程 8168: 开始初始化
子进程 8168: 成功预导入numpy和pandas
子进程 8168: 成功预导入worker_threads_cy
子进程 8168: worker_threads_cy.calculate_batch_cy 函数可用
2025-08-18 01:39:08 - 子进程 8168: 初始化完成
--------------------------------------------------
2025-08-18 01:39:08 - 子进程 24496: 开始初始化
子进程 24496: 成功预导入numpy和pandas
子进程 24496: 成功预导入worker_threads_cy
子进程 24496: worker_threads_cy.calculate_batch_cy 函数可用
2025-08-18 01:39:08 - 子进程 24496: 初始化完成
--------------------------------------------------
2025-08-18 01:39:08 - 子进程 5020: 开始初始化
子进程 5020: 成功预导入numpy和pandas
子进程 5020: 成功预导入worker_threads_cy
子进程 5020: worker_threads_cy.calculate_batch_cy 函数可用
2025-08-18 01:39:08 - 子进程 5020: 初始化完成
--------------------------------------------------
2025-08-18 01:39:08 - 子进程 12992: 开始初始化
子进程 12992: 成功预导入numpy和pandas
子进程 12992: 成功预导入worker_threads_cy
子进程 12992: worker_threads_cy.calculate_batch_cy 函数可用
2025-08-18 01:39:08 - 子进程 12992: 初始化完成
--------------------------------------------------
2025-08-18 01:39:09 - 子进程 24304: 开始初始化
子进程 24304: 成功预导入numpy和pandas
子进程 24304: 成功预导入worker_threads_cy
子进程 24304: worker_threads_cy.calculate_batch_cy 函数可用
2025-08-18 01:39:09 - 子进程 24304: 初始化完成
--------------------------------------------------
2025-08-18 01:39:09 - 子进程 21272: 开始初始化
子进程 21272: 成功预导入numpy和pandas
子进程 21272: 成功预导入worker_threads_cy
子进程 21272: worker_threads_cy.calculate_batch_cy 函数可用
2025-08-18 01:39:09 - 子进程 21272: 初始化完成
--------------------------------------------------
2025-08-18 01:39:09 - 子进程 12928: 开始初始化
子进程 12928: 成功预导入numpy和pandas
子进程 12928: 成功预导入worker_threads_cy
子进程 12928: worker_threads_cy.calculate_batch_cy 函数可用
2025-08-18 01:39:09 - 子进程 12928: 初始化完成
--------------------------------------------------
2025-08-18 01:39:09 - 子进程 12888: 开始初始化
子进程 12888: 成功预导入numpy和pandas
子进程 12888: 成功预导入worker_threads_cy
子进程 12888: worker_threads_cy.calculate_batch_cy 函数可用
2025-08-18 01:39:09 - 子进程 12888: 初始化完成
--------------------------------------------------
2025-08-18 01:39:09 - 子进程 6056: 开始初始化
子进程 6056: 成功预导入numpy和pandas
子进程 6056: 成功预导入worker_threads_cy
子进程 6056: worker_threads_cy.calculate_batch_cy 函数可用
2025-08-18 01:39:09 - 子进程 6056: 初始化完成
--------------------------------------------------
2025-08-18 01:39:09 - 子进程 2592: 开始初始化
子进程 2592: 成功预导入numpy和pandas
子进程 2592: 成功预导入worker_threads_cy
子进程 2592: worker_threads_cy.calculate_batch_cy 函数可用
2025-08-18 01:39:09 - 子进程 2592: 初始化完成
--------------------------------------------------
2025-08-18 01:39:09 - 子进程 13376: 开始初始化
子进程 13376: 成功预导入numpy和pandas
子进程 13376: 成功预导入worker_threads_cy
子进程 13376: worker_threads_cy.calculate_batch_cy 函数可用
2025-08-18 01:39:09 - 子进程 13376: 初始化完成
--------------------------------------------------
2025-08-18 01:39:10 - 子进程 21184: 开始初始化
子进程 21184: 成功预导入numpy和pandas
子进程 21184: 成功预导入worker_threads_cy
子进程 21184: worker_threads_cy.calculate_batch_cy 函数可用
2025-08-18 01:39:10 - 子进程 21184: 初始化完成
--------------------------------------------------
2025-08-18 01:39:10 - 子进程 1680: 开始初始化
子进程 1680: 成功预导入numpy和pandas
子进程 1680: 成功预导入worker_threads_cy
子进程 1680: worker_threads_cy.calculate_batch_cy 函数可用
2025-08-18 01:39:10 - 子进程 1680: 初始化完成
--------------------------------------------------
2025-08-18 01:39:10 - 子进程 14232: 开始初始化
子进程 14232: 成功预导入numpy和pandas
子进程 14232: 成功预导入worker_threads_cy
子进程 14232: worker_threads_cy.calculate_batch_cy 函数可用
2025-08-18 01:39:10 - 子进程 14232: 初始化完成
--------------------------------------------------
2025-08-18 01:39:49 - 子进程 3832: 开始初始化
子进程 3832: 成功预导入numpy和pandas
子进程 3832: 成功预导入worker_threads_cy
子进程 3832: worker_threads_cy.calculate_batch_cy 函数可用
2025-08-18 01:39:49 - 子进程 3832: 初始化完成
--------------------------------------------------
2025-08-18 01:46:20 - 子进程 23424: 开始初始化
子进程 23424: 成功预导入numpy和pandas
子进程 23424: 成功预导入worker_threads_cy
子进程 23424: worker_threads_cy.calculate_batch_cy 函数可用
2025-08-18 01:46:20 - 子进程 23424: 初始化完成
--------------------------------------------------
2025-08-18 01:46:21 - 子进程 4792: 开始初始化
子进程 4792: 成功预导入numpy和pandas
子进程 4792: 成功预导入worker_threads_cy
子进程 4792: worker_threads_cy.calculate_batch_cy 函数可用
2025-08-18 01:46:21 - 子进程 4792: 初始化完成
--------------------------------------------------
2025-08-18 01:46:21 - 子进程 22168: 开始初始化
子进程 22168: 成功预导入numpy和pandas
子进程 22168: 成功预导入worker_threads_cy
子进程 22168: worker_threads_cy.calculate_batch_cy 函数可用
2025-08-18 01:46:21 - 子进程 22168: 初始化完成
--------------------------------------------------
2025-08-18 01:46:21 - 子进程 23800: 开始初始化
子进程 23800: 成功预导入numpy和pandas
子进程 23800: 成功预导入worker_threads_cy
子进程 23800: worker_threads_cy.calculate_batch_cy 函数可用
2025-08-18 01:46:21 - 子进程 23800: 初始化完成
--------------------------------------------------
2025-08-18 01:46:21 - 子进程 10804: 开始初始化
子进程 10804: 成功预导入numpy和pandas
子进程 10804: 成功预导入worker_threads_cy
子进程 10804: worker_threads_cy.calculate_batch_cy 函数可用
2025-08-18 01:46:21 - 子进程 10804: 初始化完成
--------------------------------------------------
2025-08-18 01:46:21 - 子进程 24376: 开始初始化
子进程 24376: 成功预导入numpy和pandas
子进程 24376: 成功预导入worker_threads_cy
子进程 24376: worker_threads_cy.calculate_batch_cy 函数可用
2025-08-18 01:46:21 - 子进程 24376: 初始化完成
--------------------------------------------------
2025-08-18 01:46:21 - 子进程 14996: 开始初始化
子进程 14996: 成功预导入numpy和pandas
子进程 14996: 成功预导入worker_threads_cy
子进程 14996: worker_threads_cy.calculate_batch_cy 函数可用
2025-08-18 01:46:21 - 子进程 14996: 初始化完成
--------------------------------------------------
2025-08-18 01:46:21 - 子进程 5952: 开始初始化
子进程 5952: 成功预导入numpy和pandas
子进程 5952: 成功预导入worker_threads_cy
子进程 5952: worker_threads_cy.calculate_batch_cy 函数可用
2025-08-18 01:46:21 - 子进程 5952: 初始化完成
--------------------------------------------------
2025-08-18 01:46:22 - 子进程 18180: 开始初始化
子进程 18180: 成功预导入numpy和pandas
子进程 18180: 成功预导入worker_threads_cy
子进程 18180: worker_threads_cy.calculate_batch_cy 函数可用
2025-08-18 01:46:22 - 子进程 18180: 初始化完成
--------------------------------------------------
2025-08-18 01:46:22 - 子进程 16776: 开始初始化
子进程 16776: 成功预导入numpy和pandas
子进程 16776: 成功预导入worker_threads_cy
子进程 16776: worker_threads_cy.calculate_batch_cy 函数可用
2025-08-18 01:46:22 - 子进程 16776: 初始化完成
--------------------------------------------------
2025-08-18 01:46:22 - 子进程 24232: 开始初始化
子进程 24232: 成功预导入numpy和pandas
子进程 24232: 成功预导入worker_threads_cy
子进程 24232: worker_threads_cy.calculate_batch_cy 函数可用
2025-08-18 01:46:22 - 子进程 24232: 初始化完成
--------------------------------------------------
2025-08-18 01:46:22 - 子进程 23524: 开始初始化
子进程 23524: 成功预导入numpy和pandas
子进程 23524: 成功预导入worker_threads_cy
子进程 23524: worker_threads_cy.calculate_batch_cy 函数可用
2025-08-18 01:46:22 - 子进程 23524: 初始化完成
--------------------------------------------------
2025-08-18 01:46:22 - 子进程 10908: 开始初始化
子进程 10908: 成功预导入numpy和pandas
子进程 10908: 成功预导入worker_threads_cy
子进程 10908: worker_threads_cy.calculate_batch_cy 函数可用
2025-08-18 01:46:22 - 子进程 10908: 初始化完成
--------------------------------------------------
2025-08-18 01:46:22 - 子进程 6952: 开始初始化
子进程 6952: 成功预导入numpy和pandas
子进程 6952: 成功预导入worker_threads_cy
子进程 6952: worker_threads_cy.calculate_batch_cy 函数可用
2025-08-18 01:46:22 - 子进程 6952: 初始化完成
--------------------------------------------------
2025-08-18 01:46:22 - 子进程 18328: 开始初始化
子进程 18328: 成功预导入numpy和pandas
子进程 18328: 成功预导入worker_threads_cy
子进程 18328: worker_threads_cy.calculate_batch_cy 函数可用
2025-08-18 01:46:22 - 子进程 18328: 初始化完成
--------------------------------------------------
2025-08-18 01:46:23 - 子进程 19056: 开始初始化
子进程 19056: 成功预导入numpy和pandas
子进程 19056: 成功预导入worker_threads_cy
子进程 19056: worker_threads_cy.calculate_batch_cy 函数可用
2025-08-18 01:46:23 - 子进程 19056: 初始化完成
--------------------------------------------------
2025-08-18 01:46:47 - 子进程 4880: 开始初始化
子进程 4880: 成功预导入numpy和pandas
子进程 4880: 成功预导入worker_threads_cy
子进程 4880: worker_threads_cy.calculate_batch_cy 函数可用
2025-08-18 01:46:47 - 子进程 4880: 初始化完成
--------------------------------------------------
2025-08-18 01:48:20 - 子进程 5600: 开始初始化
子进程 5600: 成功预导入numpy和pandas
子进程 5600: 成功预导入worker_threads_cy
子进程 5600: worker_threads_cy.calculate_batch_cy 函数可用
2025-08-18 01:48:20 - 子进程 5600: 初始化完成
--------------------------------------------------
2025-08-18 01:48:20 - 子进程 21432: 开始初始化
子进程 21432: 成功预导入numpy和pandas
子进程 21432: 成功预导入worker_threads_cy
子进程 21432: worker_threads_cy.calculate_batch_cy 函数可用
2025-08-18 01:48:20 - 子进程 21432: 初始化完成
--------------------------------------------------
2025-08-18 01:48:20 - 子进程 11656: 开始初始化
子进程 11656: 成功预导入numpy和pandas
子进程 11656: 成功预导入worker_threads_cy
子进程 11656: worker_threads_cy.calculate_batch_cy 函数可用
2025-08-18 01:48:20 - 子进程 11656: 初始化完成
--------------------------------------------------
2025-08-18 01:48:20 - 子进程 19340: 开始初始化
子进程 19340: 成功预导入numpy和pandas
子进程 19340: 成功预导入worker_threads_cy
子进程 19340: worker_threads_cy.calculate_batch_cy 函数可用
2025-08-18 01:48:20 - 子进程 19340: 初始化完成
--------------------------------------------------
2025-08-18 01:48:21 - 子进程 16772: 开始初始化
子进程 16772: 成功预导入numpy和pandas
子进程 16772: 成功预导入worker_threads_cy
子进程 16772: worker_threads_cy.calculate_batch_cy 函数可用
2025-08-18 01:48:21 - 子进程 16772: 初始化完成
--------------------------------------------------
2025-08-18 01:48:21 - 子进程 13688: 开始初始化
子进程 13688: 成功预导入numpy和pandas
子进程 13688: 成功预导入worker_threads_cy
子进程 13688: worker_threads_cy.calculate_batch_cy 函数可用
2025-08-18 01:48:21 - 子进程 13688: 初始化完成
--------------------------------------------------
2025-08-18 01:48:21 - 子进程 12384: 开始初始化
子进程 12384: 成功预导入numpy和pandas
子进程 12384: 成功预导入worker_threads_cy
子进程 12384: worker_threads_cy.calculate_batch_cy 函数可用
2025-08-18 01:48:21 - 子进程 12384: 初始化完成
--------------------------------------------------
2025-08-18 01:48:21 - 子进程 20348: 开始初始化
子进程 20348: 成功预导入numpy和pandas
子进程 20348: 成功预导入worker_threads_cy
子进程 20348: worker_threads_cy.calculate_batch_cy 函数可用
2025-08-18 01:48:21 - 子进程 20348: 初始化完成
--------------------------------------------------
2025-08-18 01:48:21 - 子进程 23944: 开始初始化
子进程 23944: 成功预导入numpy和pandas
子进程 23944: 成功预导入worker_threads_cy
子进程 23944: worker_threads_cy.calculate_batch_cy 函数可用
2025-08-18 01:48:21 - 子进程 23944: 初始化完成
--------------------------------------------------
2025-08-18 01:48:21 - 子进程 24128: 开始初始化
子进程 24128: 成功预导入numpy和pandas
子进程 24128: 成功预导入worker_threads_cy
子进程 24128: worker_threads_cy.calculate_batch_cy 函数可用
2025-08-18 01:48:21 - 子进程 24128: 初始化完成
--------------------------------------------------
2025-08-18 01:48:21 - 子进程 21300: 开始初始化
子进程 21300: 成功预导入numpy和pandas
子进程 21300: 成功预导入worker_threads_cy
子进程 21300: worker_threads_cy.calculate_batch_cy 函数可用
2025-08-18 01:48:21 - 子进程 21300: 初始化完成
--------------------------------------------------
2025-08-18 01:48:22 - 子进程 2648: 开始初始化
子进程 2648: 成功预导入numpy和pandas
子进程 2648: 成功预导入worker_threads_cy
子进程 2648: worker_threads_cy.calculate_batch_cy 函数可用
2025-08-18 01:48:22 - 子进程 2648: 初始化完成
--------------------------------------------------
2025-08-18 01:48:22 - 子进程 8132: 开始初始化
子进程 8132: 成功预导入numpy和pandas
子进程 8132: 成功预导入worker_threads_cy
子进程 8132: worker_threads_cy.calculate_batch_cy 函数可用
2025-08-18 01:48:22 - 子进程 8132: 初始化完成
--------------------------------------------------
2025-08-18 01:48:22 - 子进程 13880: 开始初始化
子进程 13880: 成功预导入numpy和pandas
子进程 13880: 成功预导入worker_threads_cy
子进程 13880: worker_threads_cy.calculate_batch_cy 函数可用
2025-08-18 01:48:22 - 子进程 13880: 初始化完成
--------------------------------------------------
2025-08-18 01:48:22 - 子进程 1696: 开始初始化
子进程 1696: 成功预导入numpy和pandas
子进程 1696: 成功预导入worker_threads_cy
子进程 1696: worker_threads_cy.calculate_batch_cy 函数可用
2025-08-18 01:48:22 - 子进程 1696: 初始化完成
--------------------------------------------------
2025-08-18 01:48:22 - 子进程 8848: 开始初始化
子进程 8848: 成功预导入numpy和pandas
子进程 8848: 成功预导入worker_threads_cy
子进程 8848: worker_threads_cy.calculate_batch_cy 函数可用
2025-08-18 01:48:22 - 子进程 8848: 初始化完成
--------------------------------------------------
2025-08-18 01:51:02 - 子进程 7860: 开始初始化
子进程 7860: 成功预导入numpy和pandas
子进程 7860: 成功预导入worker_threads_cy
子进程 7860: worker_threads_cy.calculate_batch_cy 函数可用
2025-08-18 01:51:02 - 子进程 7860: 初始化完成
--------------------------------------------------
2025-08-18 01:51:02 - 子进程 7836: 开始初始化
子进程 7836: 成功预导入numpy和pandas
子进程 7836: 成功预导入worker_threads_cy
子进程 7836: worker_threads_cy.calculate_batch_cy 函数可用
2025-08-18 01:51:02 - 子进程 7836: 初始化完成
--------------------------------------------------
2025-08-18 01:51:03 - 子进程 10824: 开始初始化
子进程 10824: 成功预导入numpy和pandas
子进程 10824: 成功预导入worker_threads_cy
子进程 10824: worker_threads_cy.calculate_batch_cy 函数可用
2025-08-18 01:51:03 - 子进程 10824: 初始化完成
--------------------------------------------------
2025-08-18 01:51:03 - 子进程 6028: 开始初始化
子进程 6028: 成功预导入numpy和pandas
子进程 6028: 成功预导入worker_threads_cy
子进程 6028: worker_threads_cy.calculate_batch_cy 函数可用
2025-08-18 01:51:03 - 子进程 6028: 初始化完成
--------------------------------------------------
2025-08-18 01:51:03 - 子进程 15260: 开始初始化
子进程 15260: 成功预导入numpy和pandas
子进程 15260: 成功预导入worker_threads_cy
子进程 15260: worker_threads_cy.calculate_batch_cy 函数可用
2025-08-18 01:51:03 - 子进程 15260: 初始化完成
--------------------------------------------------
2025-08-18 01:51:03 - 子进程 20320: 开始初始化
子进程 20320: 成功预导入numpy和pandas
子进程 20320: 成功预导入worker_threads_cy
子进程 20320: worker_threads_cy.calculate_batch_cy 函数可用
2025-08-18 01:51:03 - 子进程 20320: 初始化完成
--------------------------------------------------
2025-08-18 01:51:03 - 子进程 23612: 开始初始化
子进程 23612: 成功预导入numpy和pandas
子进程 23612: 成功预导入worker_threads_cy
子进程 23612: worker_threads_cy.calculate_batch_cy 函数可用
2025-08-18 01:51:03 - 子进程 23612: 初始化完成
--------------------------------------------------
2025-08-18 01:51:03 - 子进程 7972: 开始初始化
子进程 7972: 成功预导入numpy和pandas
子进程 7972: 成功预导入worker_threads_cy
子进程 7972: worker_threads_cy.calculate_batch_cy 函数可用
2025-08-18 01:51:03 - 子进程 7972: 初始化完成
--------------------------------------------------
2025-08-18 01:51:03 - 子进程 24316: 开始初始化
子进程 24316: 成功预导入numpy和pandas
子进程 24316: 成功预导入worker_threads_cy
子进程 24316: worker_threads_cy.calculate_batch_cy 函数可用
2025-08-18 01:51:03 - 子进程 24316: 初始化完成
--------------------------------------------------
2025-08-18 01:51:04 - 子进程 20768: 开始初始化
子进程 20768: 成功预导入numpy和pandas
子进程 20768: 成功预导入worker_threads_cy
子进程 20768: worker_threads_cy.calculate_batch_cy 函数可用
2025-08-18 01:51:04 - 子进程 20768: 初始化完成
--------------------------------------------------
2025-08-18 01:51:04 - 子进程 1892: 开始初始化
子进程 1892: 成功预导入numpy和pandas
子进程 1892: 成功预导入worker_threads_cy
子进程 1892: worker_threads_cy.calculate_batch_cy 函数可用
2025-08-18 01:51:04 - 子进程 1892: 初始化完成
--------------------------------------------------
2025-08-18 01:51:04 - 子进程 5484: 开始初始化
子进程 5484: 成功预导入numpy和pandas
子进程 5484: 成功预导入worker_threads_cy
子进程 5484: worker_threads_cy.calculate_batch_cy 函数可用
2025-08-18 01:51:04 - 子进程 5484: 初始化完成
--------------------------------------------------
2025-08-18 01:51:04 - 子进程 9916: 开始初始化
子进程 9916: 成功预导入numpy和pandas
子进程 9916: 成功预导入worker_threads_cy
子进程 9916: worker_threads_cy.calculate_batch_cy 函数可用
2025-08-18 01:51:04 - 子进程 9916: 初始化完成
--------------------------------------------------
2025-08-18 01:51:04 - 子进程 7484: 开始初始化
子进程 7484: 成功预导入numpy和pandas
子进程 7484: 成功预导入worker_threads_cy
子进程 7484: worker_threads_cy.calculate_batch_cy 函数可用
2025-08-18 01:51:04 - 子进程 7484: 初始化完成
--------------------------------------------------
2025-08-18 01:51:04 - 子进程 2188: 开始初始化
子进程 2188: 成功预导入numpy和pandas
子进程 2188: 成功预导入worker_threads_cy
子进程 2188: worker_threads_cy.calculate_batch_cy 函数可用
2025-08-18 01:51:04 - 子进程 2188: 初始化完成
--------------------------------------------------
2025-08-18 01:51:04 - 子进程 6208: 开始初始化
子进程 6208: 成功预导入numpy和pandas
子进程 6208: 成功预导入worker_threads_cy
子进程 6208: worker_threads_cy.calculate_batch_cy 函数可用
2025-08-18 01:51:04 - 子进程 6208: 初始化完成
--------------------------------------------------
2025-08-18 01:51:30 - 子进程 14244: 开始初始化
子进程 14244: 成功预导入numpy和pandas
子进程 14244: 成功预导入worker_threads_cy
子进程 14244: worker_threads_cy.calculate_batch_cy 函数可用
2025-08-18 01:51:31 - 子进程 14244: 初始化完成
--------------------------------------------------
2025-08-18 02:01:28 - 子进程 5624: 开始初始化
子进程 5624: 成功预导入numpy和pandas
子进程 5624: 成功预导入worker_threads_cy
子进程 5624: worker_threads_cy.calculate_batch_cy 函数可用
2025-08-18 02:01:28 - 子进程 5624: 初始化完成
--------------------------------------------------
2025-08-18 02:01:28 - 子进程 22688: 开始初始化
子进程 22688: 成功预导入numpy和pandas
子进程 22688: 成功预导入worker_threads_cy
子进程 22688: worker_threads_cy.calculate_batch_cy 函数可用
2025-08-18 02:01:28 - 子进程 22688: 初始化完成
--------------------------------------------------
2025-08-18 02:01:29 - 子进程 4856: 开始初始化
子进程 4856: 成功预导入numpy和pandas
子进程 4856: 成功预导入worker_threads_cy
子进程 4856: worker_threads_cy.calculate_batch_cy 函数可用
2025-08-18 02:01:29 - 子进程 4856: 初始化完成
--------------------------------------------------
2025-08-18 02:01:29 - 子进程 10804: 开始初始化
子进程 10804: 成功预导入numpy和pandas
子进程 10804: 成功预导入worker_threads_cy
子进程 10804: worker_threads_cy.calculate_batch_cy 函数可用
2025-08-18 02:01:29 - 子进程 10804: 初始化完成
--------------------------------------------------
2025-08-18 02:01:29 - 子进程 19336: 开始初始化
子进程 19336: 成功预导入numpy和pandas
子进程 19336: 成功预导入worker_threads_cy
子进程 19336: worker_threads_cy.calculate_batch_cy 函数可用
2025-08-18 02:01:29 - 子进程 19336: 初始化完成
--------------------------------------------------
2025-08-18 02:01:29 - 子进程 20600: 开始初始化
子进程 20600: 成功预导入numpy和pandas
子进程 20600: 成功预导入worker_threads_cy
子进程 20600: worker_threads_cy.calculate_batch_cy 函数可用
2025-08-18 02:01:29 - 子进程 20600: 初始化完成
--------------------------------------------------
2025-08-18 02:01:29 - 子进程 4392: 开始初始化
子进程 4392: 成功预导入numpy和pandas
子进程 4392: 成功预导入worker_threads_cy
子进程 4392: worker_threads_cy.calculate_batch_cy 函数可用
2025-08-18 02:01:29 - 子进程 4392: 初始化完成
--------------------------------------------------
2025-08-18 02:01:29 - 子进程 19144: 开始初始化
子进程 19144: 成功预导入numpy和pandas
子进程 19144: 成功预导入worker_threads_cy
子进程 19144: worker_threads_cy.calculate_batch_cy 函数可用
2025-08-18 02:01:29 - 子进程 19144: 初始化完成
--------------------------------------------------
2025-08-18 02:01:29 - 子进程 6784: 开始初始化
子进程 6784: 成功预导入numpy和pandas
子进程 6784: 成功预导入worker_threads_cy
子进程 6784: worker_threads_cy.calculate_batch_cy 函数可用
2025-08-18 02:01:29 - 子进程 6784: 初始化完成
--------------------------------------------------
2025-08-18 02:01:30 - 子进程 19056: 开始初始化
子进程 19056: 成功预导入numpy和pandas
子进程 19056: 成功预导入worker_threads_cy
子进程 19056: worker_threads_cy.calculate_batch_cy 函数可用
2025-08-18 02:01:30 - 子进程 19056: 初始化完成
--------------------------------------------------
2025-08-18 02:01:30 - 子进程 6160: 开始初始化
子进程 6160: 成功预导入numpy和pandas
子进程 6160: 成功预导入worker_threads_cy
子进程 6160: worker_threads_cy.calculate_batch_cy 函数可用
2025-08-18 02:01:30 - 子进程 6160: 初始化完成
--------------------------------------------------
2025-08-18 02:01:30 - 子进程 14792: 开始初始化
子进程 14792: 成功预导入numpy和pandas
子进程 14792: 成功预导入worker_threads_cy
子进程 14792: worker_threads_cy.calculate_batch_cy 函数可用
2025-08-18 02:01:30 - 子进程 14792: 初始化完成
--------------------------------------------------
2025-08-18 02:01:30 - 子进程 20344: 开始初始化
子进程 20344: 成功预导入numpy和pandas
子进程 20344: 成功预导入worker_threads_cy
子进程 20344: worker_threads_cy.calculate_batch_cy 函数可用
2025-08-18 02:01:30 - 子进程 20344: 初始化完成
--------------------------------------------------
2025-08-18 02:01:30 - 子进程 18416: 开始初始化
子进程 18416: 成功预导入numpy和pandas
子进程 18416: 成功预导入worker_threads_cy
子进程 18416: worker_threads_cy.calculate_batch_cy 函数可用
2025-08-18 02:01:30 - 子进程 18416: 初始化完成
--------------------------------------------------
2025-08-18 02:01:30 - 子进程 1956: 开始初始化
子进程 1956: 成功预导入numpy和pandas
子进程 1956: 成功预导入worker_threads_cy
子进程 1956: worker_threads_cy.calculate_batch_cy 函数可用
2025-08-18 02:01:30 - 子进程 1956: 初始化完成
--------------------------------------------------
2025-08-18 02:01:30 - 子进程 14132: 开始初始化
子进程 14132: 成功预导入numpy和pandas
子进程 14132: 成功预导入worker_threads_cy
子进程 14132: worker_threads_cy.calculate_batch_cy 函数可用
2025-08-18 02:01:30 - 子进程 14132: 初始化完成
--------------------------------------------------
2025-08-18 02:01:57 - 子进程 9952: 开始初始化
子进程 9952: 成功预导入numpy和pandas
子进程 9952: 成功预导入worker_threads_cy
子进程 9952: worker_threads_cy.calculate_batch_cy 函数可用
2025-08-18 02:01:57 - 子进程 9952: 初始化完成
--------------------------------------------------
2025-08-18 02:23:44 - 子进程 15504: 开始初始化
子进程 15504: 成功预导入numpy和pandas
子进程 15504: worker_threads_cy.calculate_batch_cy 函数可用
2025-08-18 02:23:44 - 子进程 15504: 初始化完成
--------------------------------------------------
2025-08-18 02:23:44 - 子进程 18888: 开始初始化
子进程 18888: 成功预导入numpy和pandas
子进程 18888: worker_threads_cy.calculate_batch_cy 函数可用
2025-08-18 02:23:44 - 子进程 18888: 初始化完成
--------------------------------------------------
2025-08-18 02:23:44 - 子进程 13528: 开始初始化
子进程 13528: 成功预导入numpy和pandas
子进程 13528: worker_threads_cy.calculate_batch_cy 函数可用
2025-08-18 02:23:44 - 子进程 13528: 初始化完成
--------------------------------------------------
2025-08-18 02:23:44 - 子进程 21304: 开始初始化
子进程 21304: 成功预导入numpy和pandas
子进程 21304: worker_threads_cy.calculate_batch_cy 函数可用
2025-08-18 02:23:44 - 子进程 21304: 初始化完成
--------------------------------------------------
2025-08-18 02:23:44 - 子进程 3996: 开始初始化
子进程 3996: 成功预导入numpy和pandas
子进程 3996: worker_threads_cy.calculate_batch_cy 函数可用
2025-08-18 02:23:44 - 子进程 3996: 初始化完成
--------------------------------------------------
2025-08-18 02:23:45 - 子进程 13028: 开始初始化
子进程 13028: 成功预导入numpy和pandas
子进程 13028: worker_threads_cy.calculate_batch_cy 函数可用
2025-08-18 02:23:45 - 子进程 13028: 初始化完成
--------------------------------------------------
2025-08-18 02:23:45 - 子进程 12572: 开始初始化
子进程 12572: 成功预导入numpy和pandas
子进程 12572: worker_threads_cy.calculate_batch_cy 函数可用
2025-08-18 02:23:45 - 子进程 12572: 初始化完成
--------------------------------------------------
2025-08-18 02:23:45 - 子进程 18112: 开始初始化
子进程 18112: 成功预导入numpy和pandas
子进程 18112: worker_threads_cy.calculate_batch_cy 函数可用
2025-08-18 02:23:45 - 子进程 18112: 初始化完成
--------------------------------------------------
2025-08-18 02:23:45 - 子进程 14316: 开始初始化
子进程 14316: 成功预导入numpy和pandas
子进程 14316: worker_threads_cy.calculate_batch_cy 函数可用
2025-08-18 02:23:45 - 子进程 14316: 初始化完成
--------------------------------------------------
2025-08-18 02:23:45 - 子进程 2052: 开始初始化
子进程 2052: 成功预导入numpy和pandas
子进程 2052: worker_threads_cy.calculate_batch_cy 函数可用
2025-08-18 02:23:45 - 子进程 2052: 初始化完成
--------------------------------------------------
2025-08-18 02:23:45 - 子进程 13088: 开始初始化
子进程 13088: 成功预导入numpy和pandas
子进程 13088: worker_threads_cy.calculate_batch_cy 函数可用
2025-08-18 02:23:45 - 子进程 13088: 初始化完成
--------------------------------------------------
2025-08-18 02:23:45 - 子进程 6836: 开始初始化
子进程 6836: 成功预导入numpy和pandas
子进程 6836: worker_threads_cy.calculate_batch_cy 函数可用
2025-08-18 02:23:45 - 子进程 6836: 初始化完成
--------------------------------------------------
2025-08-18 02:23:46 - 子进程 1772: 开始初始化
子进程 1772: 成功预导入numpy和pandas
子进程 1772: worker_threads_cy.calculate_batch_cy 函数可用
2025-08-18 02:23:46 - 子进程 1772: 初始化完成
--------------------------------------------------
2025-08-18 02:23:46 - 子进程 14376: 开始初始化
子进程 14376: 成功预导入numpy和pandas
子进程 14376: worker_threads_cy.calculate_batch_cy 函数可用
2025-08-18 02:23:46 - 子进程 14376: 初始化完成
--------------------------------------------------
2025-08-18 02:23:46 - 子进程 7308: 开始初始化
子进程 7308: 成功预导入numpy和pandas
子进程 7308: worker_threads_cy.calculate_batch_cy 函数可用
2025-08-18 02:23:46 - 子进程 7308: 初始化完成
--------------------------------------------------
2025-08-18 02:23:46 - 子进程 13336: 开始初始化
子进程 13336: 成功预导入numpy和pandas
子进程 13336: worker_threads_cy.calculate_batch_cy 函数可用
2025-08-18 02:23:46 - 子进程 13336: 初始化完成
--------------------------------------------------
2025-08-18 02:24:38 - 子进程 5432: 开始初始化
子进程 5432: 成功预导入numpy和pandas
子进程 5432: worker_threads_cy.calculate_batch_cy 函数可用
2025-08-18 02:24:38 - 子进程 5432: 初始化完成
--------------------------------------------------
