2025-08-18 01:39:46 - 子进程 16796: worker_threads_cy模块导入成功，开始处理任务
2025-08-18 01:39:46 - 子进程 16796: 参数解包成功
参数数量: 72
price_data_np.shape: (5412, 441)
diff_data_np.shape: (5412, 441)
stock_idx_arr.shape: (5412,)
2025-08-18 01:39:46 - 子进程 16796: 数据类型转换成功
2025-08-18 01:39:46 - 子进程 16796: 准备调用 calculate_batch_cy
参数信息: price_data_np.shape=(5412, 441), diff_data_np.shape=(5412, 441)
stock_idx_arr.shape=(5412,), stock_idx_arr.dtype=int32
end_date_start_idx=35, end_date_end_idx=35
2025-08-18 01:46:44 - 子进程 23424: worker_threads_cy模块导入成功，开始处理任务
2025-08-18 01:46:44 - 子进程 23424: 参数解包成功
参数数量: 72
price_data_np.shape: (5412, 441)
diff_data_np.shape: (5412, 441)
stock_idx_arr.shape: (5412,)
2025-08-18 01:46:44 - 子进程 23424: 数据类型转换成功
2025-08-18 01:46:44 - 子进程 23424: 准备调用 calculate_batch_cy
参数信息: price_data_np.shape=(5412, 441), diff_data_np.shape=(5412, 441)
stock_idx_arr.shape=(5412,), stock_idx_arr.dtype=int32
end_date_start_idx=35, end_date_end_idx=35
2025-08-18 01:51:27 - 子进程 7836: worker_threads_cy模块导入成功，开始处理任务
2025-08-18 01:51:27 - 子进程 7836: 参数解包成功
参数数量: 72
price_data_np.shape: (5412, 441)
diff_data_np.shape: (5412, 441)
stock_idx_arr.shape: (5412,)
2025-08-18 01:51:27 - 子进程 7836: 数据类型转换成功
2025-08-18 01:51:27 - 子进程 7836: 准备调用 calculate_batch_cy
参数信息: price_data_np.shape=(5412, 441), diff_data_np.shape=(5412, 441)
stock_idx_arr.shape=(5412,), stock_idx_arr.dtype=int32
end_date_start_idx=35, end_date_end_idx=35
2025-08-18 08:38:52 - 任务完成
任务ID: 1
唯一ID: TASK_1_1755477532
执行时间: 0.50秒
------------------------------
2025-08-18 08:38:59 - 任务完成
任务ID: 1
唯一ID: TASK_1_1755477538
执行时间: 0.51秒
------------------------------
2025-08-18 08:41:53 - 任务完成
任务ID: 4
唯一ID: TASK_4_1755477698
执行时间: 15.03秒
------------------------------
2025-08-18 08:41:53 - 任务完成
任务ID: 5
唯一ID: TASK_5_1755477698
执行时间: 15.27秒
------------------------------
2025-08-18 08:41:53 - 任务完成
任务ID: 13
唯一ID: TASK_13_1755477698
执行时间: 15.58秒
------------------------------
2025-08-18 08:41:54 - 任务完成
任务ID: 1
唯一ID: TASK_1_1755477698
执行时间: 15.90秒
------------------------------
2025-08-18 08:41:54 - 任务完成
任务ID: 7
唯一ID: TASK_7_1755477698
执行时间: 15.90秒
------------------------------
2025-08-18 08:41:54 - 任务完成
任务ID: 16
唯一ID: TASK_16_1755477698
执行时间: 15.90秒
------------------------------
2025-08-18 08:41:54 - 任务完成
任务ID: 3
唯一ID: TASK_3_1755477698
执行时间: 16.00秒
------------------------------
2025-08-18 08:41:54 - 任务完成
任务ID: 11
唯一ID: TASK_11_1755477698
执行时间: 16.00秒
------------------------------
2025-08-18 08:41:54 - 任务完成
任务ID: 6
唯一ID: TASK_6_1755477698
执行时间: 16.10秒
------------------------------
2025-08-18 08:41:54 - 任务完成
任务ID: 12
唯一ID: TASK_12_1755477698
执行时间: 16.10秒
------------------------------
2025-08-18 08:41:54 - 任务完成
任务ID: 9
唯一ID: TASK_9_1755477698
执行时间: 16.20秒
------------------------------
2025-08-18 08:41:54 - 任务完成
任务ID: 10
唯一ID: TASK_10_1755477698
执行时间: 16.20秒
------------------------------
2025-08-18 08:41:54 - 任务完成
任务ID: 15
唯一ID: TASK_15_1755477698
执行时间: 16.31秒
------------------------------
2025-08-18 08:41:54 - 任务完成
任务ID: 14
唯一ID: TASK_14_1755477698
执行时间: 16.41秒
------------------------------
2025-08-18 08:41:54 - 任务完成
任务ID: 8
唯一ID: TASK_8_1755477698
执行时间: 16.61秒
------------------------------
2025-08-18 08:41:54 - 任务完成
任务ID: 2
唯一ID: TASK_2_1755477698
执行时间: 16.82秒
------------------------------
2025-08-18 08:59:03 - 任务完成
任务ID: 3
唯一ID: TASK_3_1755478725
执行时间: 18.22秒
------------------------------
2025-08-18 08:59:03 - 任务完成
任务ID: 5
唯一ID: TASK_5_1755478725
执行时间: 18.22秒
------------------------------
2025-08-18 08:59:03 - 任务完成
任务ID: 2
唯一ID: TASK_2_1755478725
执行时间: 18.33秒
------------------------------
2025-08-18 08:59:03 - 任务完成
任务ID: 9
唯一ID: TASK_9_1755478725
执行时间: 18.43秒
------------------------------
2025-08-18 08:59:04 - 任务完成
任务ID: 4
唯一ID: TASK_4_1755478725
执行时间: 18.84秒
------------------------------
2025-08-18 08:59:04 - 任务完成
任务ID: 16
唯一ID: TASK_16_1755478725
执行时间: 19.14秒
------------------------------
2025-08-18 08:59:04 - 任务完成
任务ID: 12
唯一ID: TASK_12_1755478725
执行时间: 19.24秒
------------------------------
2025-08-18 08:59:04 - 任务完成
任务ID: 13
唯一ID: TASK_13_1755478725
执行时间: 19.24秒
------------------------------
2025-08-18 08:59:04 - 任务完成
任务ID: 15
唯一ID: TASK_15_1755478725
执行时间: 19.24秒
------------------------------
2025-08-18 08:59:04 - 任务完成
任务ID: 8
唯一ID: TASK_8_1755478725
执行时间: 19.46秒
------------------------------
2025-08-18 08:59:04 - 任务完成
任务ID: 14
唯一ID: TASK_14_1755478725
执行时间: 19.46秒
------------------------------
2025-08-18 08:59:05 - 任务完成
任务ID: 1
唯一ID: TASK_1_1755478725
执行时间: 19.66秒
------------------------------
2025-08-18 08:59:05 - 任务完成
任务ID: 7
唯一ID: TASK_7_1755478725
执行时间: 19.66秒
------------------------------
2025-08-18 08:59:05 - 任务完成
任务ID: 11
唯一ID: TASK_11_1755478725
执行时间: 19.66秒
------------------------------
2025-08-18 08:59:05 - 任务完成
任务ID: 10
唯一ID: TASK_10_1755478725
执行时间: 19.77秒
------------------------------
2025-08-18 08:59:05 - 任务完成
任务ID: 6
唯一ID: TASK_6_1755478725
执行时间: 20.47秒
------------------------------
2025-08-18 08:59:20 - 任务完成
任务ID: 1
唯一ID: TASK_1_1755478759
执行时间: 0.62秒
------------------------------
2025-08-18 09:14:30 - 任务完成
任务ID: 1
唯一ID: TASK_1_1755479669
执行时间: 0.91秒
------------------------------
2025-08-18 09:14:56 - 任务完成
任务ID: 16
唯一ID: TASK_16_1755479680
执行时间: 15.71秒
------------------------------
2025-08-18 09:14:56 - 任务完成
任务ID: 2
唯一ID: TASK_2_1755479680
执行时间: 15.96秒
------------------------------
2025-08-18 09:14:56 - 任务完成
任务ID: 9
唯一ID: TASK_9_1755479680
执行时间: 15.96秒
------------------------------
2025-08-18 09:14:57 - 任务完成
任务ID: 3
唯一ID: TASK_3_1755479680
执行时间: 16.47秒
------------------------------
2025-08-18 09:14:57 - 任务完成
任务ID: 11
唯一ID: TASK_11_1755479680
执行时间: 16.47秒
------------------------------
2025-08-18 09:14:57 - 任务完成
任务ID: 15
唯一ID: TASK_15_1755479680
执行时间: 16.47秒
------------------------------
2025-08-18 09:14:57 - 任务完成
任务ID: 5
唯一ID: TASK_5_1755479680
执行时间: 16.89秒
------------------------------
2025-08-18 09:14:57 - 任务完成
任务ID: 4
唯一ID: TASK_4_1755479680
执行时间: 17.09秒
------------------------------
2025-08-18 09:14:57 - 任务完成
任务ID: 6
唯一ID: TASK_6_1755479680
执行时间: 17.09秒
------------------------------
2025-08-18 09:14:57 - 任务完成
任务ID: 8
唯一ID: TASK_8_1755479680
执行时间: 17.09秒
------------------------------
2025-08-18 09:14:57 - 任务完成
任务ID: 13
唯一ID: TASK_13_1755479680
执行时间: 17.20秒
------------------------------
2025-08-18 09:14:58 - 任务完成
任务ID: 7
唯一ID: TASK_7_1755479680
执行时间: 17.50秒
------------------------------
2025-08-18 09:14:58 - 任务完成
任务ID: 10
唯一ID: TASK_10_1755479680
执行时间: 17.51秒
------------------------------
2025-08-18 09:14:58 - 任务完成
任务ID: 12
唯一ID: TASK_12_1755479680
执行时间: 17.61秒
------------------------------
2025-08-18 09:14:58 - 任务完成
任务ID: 14
唯一ID: TASK_14_1755479680
执行时间: 17.71秒
------------------------------
2025-08-18 09:14:59 - 任务完成
任务ID: 1
唯一ID: TASK_1_1755479680
执行时间: 19.32秒
------------------------------
2025-08-18 10:44:53 - 任务完成
任务ID: 1
唯一ID: TASK_1_1755485092
执行时间: 0.91秒
------------------------------
2025-08-18 10:45:24 - 任务完成
任务ID: 12
唯一ID: TASK_12_1755485107
执行时间: 16.71秒
------------------------------
2025-08-18 10:45:24 - 任务完成
任务ID: 2
唯一ID: TASK_2_1755485107
执行时间: 17.01秒
------------------------------
2025-08-18 10:45:24 - 任务完成
任务ID: 15
唯一ID: TASK_15_1755485107
执行时间: 17.02秒
------------------------------
2025-08-18 10:45:24 - 任务完成
任务ID: 16
唯一ID: TASK_16_1755485107
执行时间: 17.06秒
------------------------------
2025-08-18 10:45:24 - 任务完成
任务ID: 1
唯一ID: TASK_1_1755485107
执行时间: 17.17秒
------------------------------
2025-08-18 10:45:25 - 任务完成
任务ID: 9
唯一ID: TASK_9_1755485107
执行时间: 17.57秒
------------------------------
2025-08-18 10:45:25 - 任务完成
任务ID: 3
唯一ID: TASK_3_1755485107
执行时间: 17.67秒
------------------------------
2025-08-18 10:45:25 - 任务完成
任务ID: 4
唯一ID: TASK_4_1755485107
执行时间: 17.77秒
------------------------------
2025-08-18 10:45:25 - 任务完成
任务ID: 5
唯一ID: TASK_5_1755485107
执行时间: 17.77秒
------------------------------
2025-08-18 10:45:25 - 任务完成
任务ID: 7
唯一ID: TASK_7_1755485107
执行时间: 17.87秒
------------------------------
2025-08-18 10:45:25 - 任务完成
任务ID: 13
唯一ID: TASK_13_1755485107
执行时间: 17.87秒
------------------------------
2025-08-18 10:45:25 - 任务完成
任务ID: 8
唯一ID: TASK_8_1755485107
执行时间: 17.97秒
------------------------------
2025-08-18 10:45:25 - 任务完成
任务ID: 10
唯一ID: TASK_10_1755485107
执行时间: 18.08秒
------------------------------
2025-08-18 10:45:25 - 任务完成
任务ID: 11
唯一ID: TASK_11_1755485107
执行时间: 18.08秒
------------------------------
2025-08-18 10:45:25 - 任务完成
任务ID: 14
唯一ID: TASK_14_1755485107
执行时间: 18.08秒
------------------------------
2025-08-18 10:45:26 - 任务完成
任务ID: 6
唯一ID: TASK_6_1755485107
执行时间: 18.48秒
------------------------------
