2025-08-18 09:44:46,662 - INFO - ProcessPoolManager初始化完成
2025-08-18 09:45:04,606 - INFO - 初始化固定大小的进程池，进程数: 16
2025-08-18 09:45:04,607 - INFO - 主进程PID: 9324
2025-08-18 09:45:04,607 - INFO - 设置进程启动方法为 'spawn'
2025-08-18 09:45:04,607 - INFO - Windows环境检测到，billiard将自动使用spawn启动方法
2025-08-18 09:45:07,346 - INFO - 等待子进程启动...
2025-08-18 09:45:08,347 - INFO - 开始捕获工作进程PID...
2025-08-18 09:45:08,347 - INFO - 等待进程池自然启动...
2025-08-18 09:45:11,348 - INFO - 进程池状态检查中...
2025-08-18 09:45:11,348 - INFO - 当前进程池状态: 启动中
2025-08-18 09:45:11,348 - INFO - ⚠ 进程池仍在启动中，这是正常行为
2025-08-18 09:45:11,349 - INFO - 等待中... 已等待 1 秒
2025-08-18 09:45:12,350 - INFO - 等待中... 已等待 2 秒
2025-08-18 09:45:13,350 - INFO - 等待中... 已等待 3 秒
2025-08-18 09:45:13,350 - WARNING - ⚠ 警告: 进程启动超时 (3秒)
2025-08-18 09:45:13,350 - WARNING - 程序将继续运行，进程池将在需要时自动创建进程
2025-08-18 09:45:13,350 - INFO - ✓ 进程池初始化完成，进程将在需要时自动创建
2025-08-18 09:45:13,350 - INFO - 这是正常行为，无需担心
2025-08-18 09:45:13 - billiard.Pool初始化完成
主进程PID: 9324
进程池大小: 16
启动方法: spawn (billiard自动设置)
操作系统: nt
--------------------------------------------------
2025-08-18 09:45:13,351 - INFO - 使用billiard.Pool，请求进程数: 1，可用进程数: 16
2025-08-18 09:45:13,351 - INFO - 当前活跃工作进程PID: []
2025-08-18 09:45:13,351 - INFO - 原始工作进程PID: []
2025-08-18 09:45:13,351 - INFO - 强制稳定进程池: ✓ 已启用
2025-08-18 09:45:13,351 - INFO - maxtasksperchild: None (进程永不退出)
2025-08-18 09:45:13,351 - INFO - 创建任务 1 (ID: TASK_1_1755481513)
2025-08-18 09:45:13,351 - INFO - 任务 1 (ID: TASK_1_1755481513) 已提交到进程池
2025-08-18 09:45:13,394 - INFO - === 开始执行 1 个异步任务 ===
2025-08-18 09:45:13,889 - INFO - ProcessPoolManager初始化完成
2025-08-18 09:45:29,380 - ERROR - ✗ 任务 1 (ID: TASK_1_1755481513) 失败: 
"""
Traceback (most recent call last):
  File "C:\Users\46305\AppData\Local\Programs\Python\Python313\Lib\site-packages\billiard\pool.py", line 1265, in mark_as_worker_lost
    raise WorkerLostError(
    ...<2 lines>...
    )
billiard.exceptions.WorkerLostError: Worker exited prematurely: exitcode 3221225477 Job: 0.
"""
2025-08-18 09:45:29,481 - INFO - 
=== 任务执行完成 ===
2025-08-18 09:45:29,481 - INFO - 总耗时: 16.09秒
2025-08-18 09:45:29,481 - INFO - 成功任务: 0
2025-08-18 09:45:29,481 - INFO - 失败任务: 1
2025-08-18 09:45:29,481 - INFO - 成功率: 0.0%
2025-08-18 09:45:54,955 - INFO - 关闭billiard.Pool，工作进程PID: []
2025-08-18 09:45:54,965 - INFO - billiard.Pool已关闭
2025-08-18 09:48:48,399 - INFO - ProcessPoolManager初始化完成
2025-08-18 09:48:48,399 - INFO - 初始化固定大小的进程池，进程数: 16
2025-08-18 09:48:48,399 - INFO - 主进程PID: 28668
2025-08-18 09:48:48,400 - INFO - 设置进程启动方法为 'spawn'
2025-08-18 09:48:48,400 - INFO - Windows环境检测到，billiard将自动使用spawn启动方法
2025-08-18 09:48:51,096 - INFO - 等待子进程启动...
2025-08-18 09:48:52,097 - INFO - 开始捕获工作进程PID...
2025-08-18 09:48:52,097 - INFO - 等待进程池自然启动...
2025-08-18 09:48:55,098 - INFO - 进程池状态检查中...
2025-08-18 09:48:55,098 - INFO - 当前进程池状态: 启动中
2025-08-18 09:48:55,098 - INFO - ⚠ 进程池仍在启动中，这是正常行为
2025-08-18 09:48:55,098 - INFO - 等待中... 已等待 1 秒
2025-08-18 09:48:56,099 - INFO - 等待中... 已等待 2 秒
2025-08-18 09:48:57,099 - INFO - 等待中... 已等待 3 秒
2025-08-18 09:48:57,099 - WARNING - ⚠ 警告: 进程启动超时 (3秒)
2025-08-18 09:48:57,099 - WARNING - 程序将继续运行，进程池将在需要时自动创建进程
2025-08-18 09:48:57,099 - INFO - ✓ 进程池初始化完成，进程将在需要时自动创建
2025-08-18 09:48:57,099 - INFO - 这是正常行为，无需担心
2025-08-18 09:48:57 - billiard.Pool初始化完成
主进程PID: 28668
进程池大小: 16
启动方法: spawn (billiard自动设置)
操作系统: nt
--------------------------------------------------
2025-08-18 09:48:57,099 - INFO - 使用billiard.Pool，请求进程数: 1，可用进程数: 16
2025-08-18 09:48:57,100 - INFO - 当前活跃工作进程PID: []
2025-08-18 09:48:57,100 - INFO - 原始工作进程PID: []
2025-08-18 09:48:57,100 - INFO - 强制稳定进程池: ✓ 已启用
2025-08-18 09:48:57,100 - INFO - maxtasksperchild: None (进程永不退出)
2025-08-18 09:48:57,100 - INFO - 创建任务 1 (ID: TASK_1_1755481737)
2025-08-18 09:48:57,100 - INFO - 任务 1 (ID: TASK_1_1755481737) 已提交到进程池
2025-08-18 09:48:57,134 - INFO - === 开始执行 1 个异步任务 ===
2025-08-18 09:48:58,163 - INFO - ✓ 任务 1 (ID: TASK_1_1755481737) 完成
2025-08-18 09:48:58,264 - INFO - 
=== 任务执行完成 ===
2025-08-18 09:48:58,264 - INFO - 总耗时: 1.13秒
2025-08-18 09:48:58,264 - INFO - 成功任务: 1
2025-08-18 09:48:58,264 - INFO - 失败任务: 0
2025-08-18 09:48:58,264 - INFO - 成功率: 100.0%
2025-08-18 09:49:11,811 - INFO - 使用billiard.Pool，请求进程数: 1，可用进程数: 16
2025-08-18 09:49:11,811 - INFO - 当前活跃工作进程PID: []
2025-08-18 09:49:11,811 - INFO - 原始工作进程PID: []
2025-08-18 09:49:11,811 - INFO - 强制稳定进程池: ✓ 已启用
2025-08-18 09:49:11,811 - INFO - maxtasksperchild: None (进程永不退出)
2025-08-18 09:49:11,811 - INFO - 创建任务 1 (ID: TASK_1_1755481751)
2025-08-18 09:49:11,811 - INFO - 任务 1 (ID: TASK_1_1755481751) 已提交到进程池
2025-08-18 09:49:11,851 - INFO - === 开始执行 1 个异步任务 ===
2025-08-18 09:49:12,868 - INFO - ✓ 任务 1 (ID: TASK_1_1755481751) 完成
2025-08-18 09:49:12,969 - INFO - 
=== 任务执行完成 ===
2025-08-18 09:49:12,969 - INFO - 总耗时: 1.12秒
2025-08-18 09:49:12,969 - INFO - 成功任务: 1
2025-08-18 09:49:12,969 - INFO - 失败任务: 0
2025-08-18 09:49:12,969 - INFO - 成功率: 100.0%
2025-08-18 10:11:17,212 - INFO - ProcessPoolManager初始化完成
2025-08-18 10:11:17,213 - INFO - 按需初始化进程池，请求进程数: 1
2025-08-18 10:11:17,213 - INFO - 主进程PID: 12856
2025-08-18 10:11:17,213 - INFO - 非打包环境，使用billiard.Pool
2025-08-18 10:11:17,213 - INFO - 设置进程启动方法为 'spawn'
2025-08-18 10:11:17,408 - INFO - 使用billiard.Pool创建进程池
2025-08-18 10:11:17,409 - INFO - 等待工作进程启动...
2025-08-18 10:11:19 - 进程池按需初始化完成
主进程PID: 12856
实际进程数: 1
启动方法: spawn
操作系统: nt
PyInstaller环境: 否
进程池类型: billiard.Pool
--------------------------------------------------
2025-08-18 10:11:19,409 - INFO - ✓ 进程池按需初始化完成
2025-08-18 10:11:19,410 - INFO - 使用billiard.Pool，进程数: 1
2025-08-18 10:11:19,410 - INFO - 创建任务 1 (ID: TASK_1_1755483079)
2025-08-18 10:11:19,410 - INFO - 任务 1 (ID: TASK_1_1755483079) 已提交到进程池
2025-08-18 10:11:19,446 - INFO - === 开始执行 1 个异步任务 ===
2025-08-18 10:11:19,950 - ERROR - ✗ 任务 1 (ID: TASK_1_1755483079) 失败: cannot access local variable 'base_path' where it is not associated with a value
2025-08-18 10:11:20,051 - INFO - 
=== 任务执行完成 ===
2025-08-18 10:11:20,051 - INFO - 总耗时: 0.60秒
2025-08-18 10:11:20,051 - INFO - 成功任务: 0
2025-08-18 10:11:20,051 - INFO - 失败任务: 1
2025-08-18 10:11:20,051 - INFO - 成功率: 0.0%
2025-08-18 10:27:59,814 - INFO - ProcessPoolManager初始化完成
2025-08-18 10:28:37,366 - INFO - ProcessPoolManager初始化完成
2025-08-18 10:38:11,023 - INFO - ProcessPoolManager初始化完成
2025-08-18 10:38:11,023 - INFO - 初始化进程池，请求进程数: 8
2025-08-18 10:38:11,023 - INFO - 主进程PID: 32240
2025-08-18 10:38:11,023 - INFO - 设置进程启动方法为 'spawn'
2025-08-18 10:38:11,023 - INFO - Windows环境检测到，billiard将自动使用spawn启动方法
2025-08-18 10:38:12,482 - INFO - 等待工作进程启动...
2025-08-18 10:38:14 - billiard.Pool初始化完成
主进程PID: 32240
实际进程数: 8
启动方法: spawn (billiard自动设置)
操作系统: nt
--------------------------------------------------
2025-08-18 10:38:14,483 - INFO - ✓ 进程池初始化完成
2025-08-18 10:38:14,483 - INFO - 进程池在模块导入时初始化完成
2025-08-18 10:38:32,963 - INFO - 使用billiard.Pool，进程数: 1
2025-08-18 10:38:32,963 - INFO - 创建任务 1 (ID: TASK_1_1755484712)
2025-08-18 10:38:32,963 - INFO - 任务 1 (ID: TASK_1_1755484712) 已提交到进程池
2025-08-18 10:38:33,006 - INFO - === 开始执行 1 个异步任务 ===
2025-08-18 10:38:33,422 - INFO - ProcessPoolManager初始化完成
2025-08-18 10:38:33,422 - INFO - 初始化进程池，请求进程数: 8
2025-08-18 10:38:33,422 - INFO - 主进程PID: 28688
2025-08-18 10:38:33,422 - INFO - 设置进程启动方法为 'spawn'
2025-08-18 10:38:33,422 - INFO - Windows环境检测到，billiard将自动使用spawn启动方法
2025-08-18 10:38:34,946 - INFO - 等待工作进程启动...
2025-08-18 10:38:36 - billiard.Pool初始化完成
主进程PID: 28688
实际进程数: 8
启动方法: spawn (billiard自动设置)
操作系统: nt
--------------------------------------------------
2025-08-18 10:38:36,947 - INFO - ✓ 进程池初始化完成
2025-08-18 10:38:36,947 - INFO - 进程池在模块导入时初始化完成
2025-08-18 10:38:37,036 - ERROR - ✗ 任务 1 (ID: TASK_1_1755484712) 失败: cannot access local variable 'e' where it is not associated with a value
2025-08-18 10:38:37,136 - INFO - 
=== 任务执行完成 ===
2025-08-18 10:38:37,136 - INFO - 总耗时: 4.13秒
2025-08-18 10:38:37,137 - INFO - 成功任务: 0
2025-08-18 10:38:37,137 - INFO - 失败任务: 1
2025-08-18 10:38:37,137 - INFO - 成功率: 0.0%
2025-08-18 10:44:16,101 - INFO - 关闭billiard.Pool，工作进程PID: []
2025-08-18 10:44:16,457 - INFO - billiard.Pool已关闭
